\BOOKMARK [0][-]{chapter.1}{\376\377\0001\000\040\000F\000i\000n\000i\000t\000e\000\040\000D\000i\000f\000f\000e\000r\000e\000n\000c\000e\000s\000\040\000N\000a\000v\000i\000e\000r\000-\000S\000t\000o\000k\000e\000s\000\040\000S\000o\000l\000v\000e\000r}{}% 1
\BOOKMARK [1][-]{section.1.1}{\376\377\0001\000.\0001\000\040\000<\000s\000t\000r\000o\000n\000g\000>\000R\000e\000q\000u\000i\000r\000e\000m\000e\000n\000t\000s\000<\000/\000s\000t\000r\000o\000n\000g\000>}{chapter.1}% 2
\BOOKMARK [1][-]{section.1.2}{\376\377\0001\000.\0002\000\040\000<\000s\000t\000r\000o\000n\000g\000>\000I\000n\000s\000t\000a\000l\000l\000a\000t\000i\000o\000n\000<\000/\000s\000t\000r\000o\000n\000g\000>}{chapter.1}% 3
\BOOKMARK [0][-]{chapter.2}{\376\377\0002\000\040\000N\000a\000m\000e\000s\000p\000a\000c\000e\000\040\000I\000n\000d\000e\000x}{}% 4
\BOOKMARK [1][-]{section.2.1}{\376\377\0002\000.\0001\000\040\000N\000a\000m\000e\000s\000p\000a\000c\000e\000\040\000L\000i\000s\000t}{chapter.2}% 5
\BOOKMARK [0][-]{chapter.3}{\376\377\0003\000\040\000C\000l\000a\000s\000s\000\040\000I\000n\000d\000e\000x}{}% 6
\BOOKMARK [1][-]{section.3.1}{\376\377\0003\000.\0001\000\040\000C\000l\000a\000s\000s\000\040\000L\000i\000s\000t}{chapter.3}% 7
\BOOKMARK [0][-]{chapter.4}{\376\377\0004\000\040\000F\000i\000l\000e\000\040\000I\000n\000d\000e\000x}{}% 8
\BOOKMARK [1][-]{section.4.1}{\376\377\0004\000.\0001\000\040\000F\000i\000l\000e\000\040\000L\000i\000s\000t}{chapter.4}% 9
\BOOKMARK [0][-]{chapter.5}{\376\377\0005\000\040\000N\000a\000m\000e\000s\000p\000a\000c\000e\000\040\000D\000o\000c\000u\000m\000e\000n\000t\000a\000t\000i\000o\000n}{}% 10
\BOOKMARK [1][-]{section.5.1}{\376\377\0005\000.\0001\000\040\000p\000r\000o\000b\000l\000e\000m\000\137\000s\000e\000t\000t\000i\000n\000g\000\040\000N\000a\000m\000e\000s\000p\000a\000c\000e\000\040\000R\000e\000f\000e\000r\000e\000n\000c\000e}{chapter.5}% 11
\BOOKMARK [2][-]{subsection.5.1.1}{\376\377\0005\000.\0001\000.\0001\000\040\000F\000u\000n\000c\000t\000i\000o\000n\000\040\000D\000o\000c\000u\000m\000e\000n\000t\000a\000t\000i\000o\000n}{section.5.1}% 12
\BOOKMARK [3][-]{subsubsection.5.1.1.1}{\376\377\0005\000.\0001\000.\0001\000.\0001\000\040\000p\000R\000e\000f\000\050\000\051}{subsection.5.1.1}% 13
\BOOKMARK [3][-]{subsubsection.5.1.1.2}{\376\377\0005\000.\0001\000.\0001\000.\0002\000\040\000u\000x\000R\000e\000f\000\050\000\051}{subsection.5.1.1}% 14
\BOOKMARK [3][-]{subsubsection.5.1.1.3}{\376\377\0005\000.\0001\000.\0001\000.\0003\000\040\000u\000y\000R\000e\000f\000\050\000\051}{subsection.5.1.1}% 15
\BOOKMARK [3][-]{subsubsection.5.1.1.4}{\376\377\0005\000.\0001\000.\0001\000.\0004\000\040\000u\000z\000R\000e\000f\000\050\000\051}{subsection.5.1.1}% 16
\BOOKMARK [2][-]{subsection.5.1.2}{\376\377\0005\000.\0001\000.\0002\000\040\000V\000a\000r\000i\000a\000b\000l\000e\000\040\000D\000o\000c\000u\000m\000e\000n\000t\000a\000t\000i\000o\000n}{section.5.1}% 17
\BOOKMARK [3][-]{subsubsection.5.1.2.1}{\376\377\0005\000.\0001\000.\0002\000.\0001\000\040\000a}{subsection.5.1.2}% 18
\BOOKMARK [3][-]{subsubsection.5.1.2.2}{\376\377\0005\000.\0001\000.\0002\000.\0002\000\040\000b\000a\000s\000e\000\137\000p\000a\000t\000h}{subsection.5.1.2}% 19
\BOOKMARK [3][-]{subsubsection.5.1.2.3}{\376\377\0005\000.\0001\000.\0002\000.\0003\000\040\000b\000r\000i\000n\000k\000m\000a\000n}{subsection.5.1.2}% 20
\BOOKMARK [3][-]{subsubsection.5.1.2.4}{\376\377\0005\000.\0001\000.\0002\000.\0004\000\040\000c\000h\000e\000c\000k\000\137\000c\000o\000n\000v\000e\000r\000g\000e\000n\000c\000e}{subsection.5.1.2}% 21
\BOOKMARK [3][-]{subsubsection.5.1.2.5}{\376\377\0005\000.\0001\000.\0002\000.\0005\000\040\000d}{subsection.5.1.2}% 22
\BOOKMARK [3][-]{subsubsection.5.1.2.6}{\376\377\0005\000.\0001\000.\0002\000.\0006\000\040\000d\000t}{subsection.5.1.2}% 23
\BOOKMARK [3][-]{subsubsection.5.1.2.7}{\376\377\0005\000.\0001\000.\0002\000.\0007\000\040\000i\000t\000e\000r}{subsection.5.1.2}% 24
\BOOKMARK [3][-]{subsubsection.5.1.2.8}{\376\377\0005\000.\0001\000.\0002\000.\0008\000\040\000L\000x}{subsection.5.1.2}% 25
\BOOKMARK [3][-]{subsubsection.5.1.2.9}{\376\377\0005\000.\0001\000.\0002\000.\0009\000\040\000L\000x\000\137\0000}{subsection.5.1.2}% 26
\BOOKMARK [3][-]{subsubsection.5.1.2.10}{\376\377\0005\000.\0001\000.\0002\000.\0001\0000\000\040\000L\000y}{subsection.5.1.2}% 27
\BOOKMARK [3][-]{subsubsection.5.1.2.11}{\376\377\0005\000.\0001\000.\0002\000.\0001\0001\000\040\000L\000y\000\137\0000}{subsection.5.1.2}% 28
\BOOKMARK [3][-]{subsubsection.5.1.2.12}{\376\377\0005\000.\0001\000.\0002\000.\0001\0002\000\040\000L\000z}{subsection.5.1.2}% 29
\BOOKMARK [3][-]{subsubsection.5.1.2.13}{\376\377\0005\000.\0001\000.\0002\000.\0001\0003\000\040\000L\000z\000\137\0000}{subsection.5.1.2}% 30
\BOOKMARK [3][-]{subsubsection.5.1.2.14}{\376\377\0005\000.\0001\000.\0002\000.\0001\0004\000\040\000m\000o\000n\000i\000t\000o\000r\000\137\000c\000o\000n\000v\000e\000r\000g\000e\000n\000c\000e}{subsection.5.1.2}% 31
\BOOKMARK [3][-]{subsubsection.5.1.2.15}{\376\377\0005\000.\0001\000.\0002\000.\0001\0005\000\040\000n\000x}{subsection.5.1.2}% 32
\BOOKMARK [3][-]{subsubsection.5.1.2.16}{\376\377\0005\000.\0001\000.\0002\000.\0001\0006\000\040\000n\000y}{subsection.5.1.2}% 33
\BOOKMARK [3][-]{subsubsection.5.1.2.17}{\376\377\0005\000.\0001\000.\0002\000.\0001\0007\000\040\000n\000z}{subsection.5.1.2}% 34
\BOOKMARK [3][-]{subsubsection.5.1.2.18}{\376\377\0005\000.\0001\000.\0002\000.\0001\0008\000\040\000p\000r\000o\000b\000l\000e\000m\000\137\000t\000y\000p\000e}{subsection.5.1.2}% 35
\BOOKMARK [3][-]{subsubsection.5.1.2.19}{\376\377\0005\000.\0001\000.\0002\000.\0001\0009\000\040\000R\000e}{subsection.5.1.2}% 36
\BOOKMARK [3][-]{subsubsection.5.1.2.20}{\376\377\0005\000.\0001\000.\0002\000.\0002\0000\000\040\000t\000h\000e\000t\000a}{subsection.5.1.2}% 37
\BOOKMARK [0][-]{chapter.6}{\376\377\0006\000\040\000C\000l\000a\000s\000s\000\040\000D\000o\000c\000u\000m\000e\000n\000t\000a\000t\000i\000o\000n}{}% 38
\BOOKMARK [1][-]{section.6.1}{\376\377\0006\000.\0001\000\040\000a\000d\000v\000e\000c\000t\000i\000o\000n\000\040\000C\000l\000a\000s\000s\000\040\000R\000e\000f\000e\000r\000e\000n\000c\000e}{chapter.6}% 39
\BOOKMARK [2][-]{subsection.6.1.1}{\376\377\0006\000.\0001\000.\0001\000\040\000D\000e\000t\000a\000i\000l\000e\000d\000\040\000D\000e\000s\000c\000r\000i\000p\000t\000i\000o\000n}{section.6.1}% 40
\BOOKMARK [1][-]{section.6.2}{\376\377\0006\000.\0002\000\040\000a\000d\000v\000e\000c\000t\000i\000o\000n\000\137\000d\000i\000f\000f\000u\000s\000i\000o\000n\000\137\000p\000r\000o\000b\000l\000e\000m\000\040\000C\000l\000a\000s\000s\000\040\000R\000e\000f\000e\000r\000e\000n\000c\000e}{chapter.6}% 41
\BOOKMARK [2][-]{subsection.6.2.1}{\376\377\0006\000.\0002\000.\0001\000\040\000C\000o\000n\000s\000t\000r\000u\000c\000t\000o\000r\000\040\000\046\000\040\000D\000e\000s\000t\000r\000u\000c\000t\000o\000r\000\040\000D\000o\000c\000u\000m\000e\000n\000t\000a\000t\000i\000o\000n}{section.6.2}% 42
\BOOKMARK [3][-]{subsubsection.6.2.1.1}{\376\377\0006\000.\0002\000.\0001\000.\0001\000\040\000a\000d\000v\000e\000c\000t\000i\000o\000n\000\137\000d\000i\000f\000f\000u\000s\000i\000o\000n\000\137\000p\000r\000o\000b\000l\000e\000m\000\050\000\051\000\040\000[\0001\000/\0002\000]}{subsection.6.2.1}% 43
\BOOKMARK [3][-]{subsubsection.6.2.1.2}{\376\377\0006\000.\0002\000.\0001\000.\0002\000\040\000a\000d\000v\000e\000c\000t\000i\000o\000n\000\137\000d\000i\000f\000f\000u\000s\000i\000o\000n\000\137\000p\000r\000o\000b\000l\000e\000m\000\050\000\051\000\040\000[\0002\000/\0002\000]}{subsection.6.2.1}% 44
\BOOKMARK [3][-]{subsubsection.6.2.1.3}{\376\377\0006\000.\0002\000.\0001\000.\0003\000\040\000\040\000a\000d\000v\000e\000c\000t\000i\000o\000n\000\137\000d\000i\000f\000f\000u\000s\000i\000o\000n\000\137\000p\000r\000o\000b\000l\000e\000m\000\050\000\051}{subsection.6.2.1}% 45
\BOOKMARK [2][-]{subsection.6.2.2}{\376\377\0006\000.\0002\000.\0002\000\040\000M\000e\000m\000b\000e\000r\000\040\000F\000u\000n\000c\000t\000i\000o\000n\000\040\000D\000o\000c\000u\000m\000e\000n\000t\000a\000t\000i\000o\000n}{section.6.2}% 46
\BOOKMARK [3][-]{subsubsection.6.2.2.1}{\376\377\0006\000.\0002\000.\0002\000.\0001\000\040\000a\000s\000s\000e\000m\000b\000l\000e\000\137\000m\000a\000g\000n\000i\000t\000u\000d\000e\000\050\000\051}{subsection.6.2.2}% 47
\BOOKMARK [3][-]{subsubsection.6.2.2.2}{\376\377\0006\000.\0002\000.\0002\000.\0002\000\040\000c\000o\000m\000p\000u\000t\000e\000\137\000m\000a\000g\000n\000i\000t\000u\000d\000e\000\050\000\051}{subsection.6.2.2}% 48
\BOOKMARK [3][-]{subsubsection.6.2.2.3}{\376\377\0006\000.\0002\000.\0002\000.\0003\000\040\000e\000x\000o\000d\000u\000s\000\050\000\051}{subsection.6.2.2}% 49
\BOOKMARK [3][-]{subsubsection.6.2.2.4}{\376\377\0006\000.\0002\000.\0002\000.\0004\000\040\000s\000o\000l\000v\000e\000\050\000\051}{subsection.6.2.2}% 50
\BOOKMARK [3][-]{subsubsection.6.2.2.5}{\376\377\0006\000.\0002\000.\0002\000.\0005\000\040\000u\000p\000d\000a\000t\000e\000\137\000v\000e\000l\000o\000c\000i\000t\000y\000\050\000\051}{subsection.6.2.2}% 51
\BOOKMARK [2][-]{subsection.6.2.3}{\376\377\0006\000.\0002\000.\0003\000\040\000M\000e\000m\000b\000e\000r\000\040\000D\000a\000t\000a\000\040\000D\000o\000c\000u\000m\000e\000n\000t\000a\000t\000i\000o\000n}{section.6.2}% 52
\BOOKMARK [3][-]{subsubsection.6.2.3.1}{\376\377\0006\000.\0002\000.\0003\000.\0001\000\040\000d\000m\000G\000r\000i\000d\000\137\000c\000e\000n\000t\000\137\000r\000i\000c\000h}{subsection.6.2.3}% 53
\BOOKMARK [3][-]{subsubsection.6.2.3.2}{\376\377\0006\000.\0002\000.\0003\000.\0002\000\040\000d\000m\000G\000r\000i\000d\000\137\000c\000e\000n\000t\000e\000r\000e\000d}{subsection.6.2.3}% 54
\BOOKMARK [3][-]{subsubsection.6.2.3.3}{\376\377\0006\000.\0002\000.\0003\000.\0003\000\040\000d\000m\000G\000r\000i\000d\000\137\000s\000h\000i\000f\000t\000\137\000t\000r\000a\000n\000s\000p}{subsection.6.2.3}% 55
\BOOKMARK [3][-]{subsubsection.6.2.3.4}{\376\377\0006\000.\0002\000.\0003\000.\0004\000\040\000d\000m\000G\000r\000i\000d\000\137\000s\000t\000a\000g\000\137\000t\000r\000a\000n\000s\000p}{subsection.6.2.3}% 56
\BOOKMARK [3][-]{subsubsection.6.2.3.5}{\376\377\0006\000.\0002\000.\0003\000.\0005\000\040\000d\000m\000G\000r\000i\000d\000\137\000s\000t\000a\000g\000g\000e\000r\000e\000d\000\137\000x}{subsection.6.2.3}% 57
\BOOKMARK [3][-]{subsubsection.6.2.3.6}{\376\377\0006\000.\0002\000.\0003\000.\0006\000\040\000d\000m\000G\000r\000i\000d\000\137\000s\000t\000a\000g\000g\000e\000r\000e\000d\000\137\000y}{subsection.6.2.3}% 58
\BOOKMARK [3][-]{subsubsection.6.2.3.7}{\376\377\0006\000.\0002\000.\0003\000.\0007\000\040\000d\000m\000G\000r\000i\000d\000\137\000s\000t\000a\000g\000g\000e\000r\000e\000d\000\137\000z}{subsection.6.2.3}% 59
\BOOKMARK [3][-]{subsubsection.6.2.3.8}{\376\377\0006\000.\0002\000.\0003\000.\0008\000\040\000M\000a\000g\000n\000i\000t\000u\000d\000e}{subsection.6.2.3}% 60
\BOOKMARK [3][-]{subsubsection.6.2.3.9}{\376\377\0006\000.\0002\000.\0003\000.\0009\000\040\000m\000a\000s\000k\000\137\000U}{subsection.6.2.3}% 61
\BOOKMARK [3][-]{subsubsection.6.2.3.10}{\376\377\0006\000.\0002\000.\0003\000.\0001\0000\000\040\000m\000a\000s\000k\000\137\000V}{subsection.6.2.3}% 62
\BOOKMARK [3][-]{subsubsection.6.2.3.11}{\376\377\0006\000.\0002\000.\0003\000.\0001\0001\000\040\000m\000a\000s\000k\000\137\000W}{subsection.6.2.3}% 63
\BOOKMARK [3][-]{subsubsection.6.2.3.12}{\376\377\0006\000.\0002\000.\0003\000.\0001\0002\000\040\000U\000\137\000u\000p}{subsection.6.2.3}% 64
\BOOKMARK [3][-]{subsubsection.6.2.3.13}{\376\377\0006\000.\0002\000.\0003\000.\0001\0003\000\040\000V\000\137\000u\000p}{subsection.6.2.3}% 65
\BOOKMARK [3][-]{subsubsection.6.2.3.14}{\376\377\0006\000.\0002\000.\0003\000.\0001\0004\000\040\000W\000\137\000u\000p}{subsection.6.2.3}% 66
\BOOKMARK [1][-]{section.6.3}{\376\377\0006\000.\0003\000\040\000e\000u\000l\000e\000r\000\137\000p\000r\000o\000b\000l\000e\000m\000\040\000C\000l\000a\000s\000s\000\040\000R\000e\000f\000e\000r\000e\000n\000c\000e}{chapter.6}% 67
\BOOKMARK [2][-]{subsection.6.3.1}{\376\377\0006\000.\0003\000.\0001\000\040\000D\000e\000t\000a\000i\000l\000e\000d\000\040\000D\000e\000s\000c\000r\000i\000p\000t\000i\000o\000n}{section.6.3}% 68
\BOOKMARK [2][-]{subsection.6.3.2}{\376\377\0006\000.\0003\000.\0002\000\040\000C\000o\000n\000s\000t\000r\000u\000c\000t\000o\000r\000\040\000\046\000\040\000D\000e\000s\000t\000r\000u\000c\000t\000o\000r\000\040\000D\000o\000c\000u\000m\000e\000n\000t\000a\000t\000i\000o\000n}{section.6.3}% 69
\BOOKMARK [3][-]{subsubsection.6.3.2.1}{\376\377\0006\000.\0003\000.\0002\000.\0001\000\040\000e\000u\000l\000e\000r\000\137\000p\000r\000o\000b\000l\000e\000m\000\050\000\051\000\040\000[\0001\000/\0002\000]}{subsection.6.3.2}% 70
\BOOKMARK [3][-]{subsubsection.6.3.2.2}{\376\377\0006\000.\0003\000.\0002\000.\0002\000\040\000e\000u\000l\000e\000r\000\137\000p\000r\000o\000b\000l\000e\000m\000\050\000\051\000\040\000[\0002\000/\0002\000]}{subsection.6.3.2}% 71
\BOOKMARK [3][-]{subsubsection.6.3.2.3}{\376\377\0006\000.\0003\000.\0002\000.\0003\000\040\000\040\000e\000u\000l\000e\000r\000\137\000p\000r\000o\000b\000l\000e\000m\000\050\000\051}{subsection.6.3.2}% 72
\BOOKMARK [2][-]{subsection.6.3.3}{\376\377\0006\000.\0003\000.\0003\000\040\000M\000e\000m\000b\000e\000r\000\040\000F\000u\000n\000c\000t\000i\000o\000n\000\040\000D\000o\000c\000u\000m\000e\000n\000t\000a\000t\000i\000o\000n}{section.6.3}% 73
\BOOKMARK [3][-]{subsubsection.6.3.3.1}{\376\377\0006\000.\0003\000.\0003\000.\0001\000\040\000a\000s\000s\000e\000m\000b\000l\000e\000\137\000m\000a\000g\000n\000i\000t\000u\000d\000e\000\050\000\051}{subsection.6.3.3}% 74
\BOOKMARK [3][-]{subsubsection.6.3.3.2}{\376\377\0006\000.\0003\000.\0003\000.\0002\000\040\000c\000o\000m\000p\000u\000t\000e\000\137\000m\000a\000g\000n\000i\000t\000u\000d\000e\000\050\000\051}{subsection.6.3.3}% 75
\BOOKMARK [3][-]{subsubsection.6.3.3.3}{\376\377\0006\000.\0003\000.\0003\000.\0003\000\040\000e\000x\000o\000d\000u\000s\000\050\000\051}{subsection.6.3.3}% 76
\BOOKMARK [3][-]{subsubsection.6.3.3.4}{\376\377\0006\000.\0003\000.\0003\000.\0004\000\040\000s\000o\000l\000v\000e\000\050\000\051}{subsection.6.3.3}% 77
\BOOKMARK [3][-]{subsubsection.6.3.3.5}{\376\377\0006\000.\0003\000.\0003\000.\0005\000\040\000u\000p\000d\000a\000t\000e\000\137\000v\000e\000l\000o\000c\000i\000t\000y\000\050\000\051}{subsection.6.3.3}% 78
\BOOKMARK [2][-]{subsection.6.3.4}{\376\377\0006\000.\0003\000.\0004\000\040\000M\000e\000m\000b\000e\000r\000\040\000D\000a\000t\000a\000\040\000D\000o\000c\000u\000m\000e\000n\000t\000a\000t\000i\000o\000n}{section.6.3}% 79
\BOOKMARK [3][-]{subsubsection.6.3.4.1}{\376\377\0006\000.\0003\000.\0004\000.\0001\000\040\000d\000m\000G\000r\000i\000d\000\137\000c\000e\000n\000t\000\137\000r\000i\000c\000h}{subsection.6.3.4}% 80
\BOOKMARK [3][-]{subsubsection.6.3.4.2}{\376\377\0006\000.\0003\000.\0004\000.\0002\000\040\000d\000m\000G\000r\000i\000d\000\137\000c\000e\000n\000t\000e\000r\000e\000d}{subsection.6.3.4}% 81
\BOOKMARK [3][-]{subsubsection.6.3.4.3}{\376\377\0006\000.\0003\000.\0004\000.\0003\000\040\000d\000m\000G\000r\000i\000d\000\137\000s\000h\000i\000f\000t\000\137\000t\000r\000a\000n\000s\000p}{subsection.6.3.4}% 82
\BOOKMARK [3][-]{subsubsection.6.3.4.4}{\376\377\0006\000.\0003\000.\0004\000.\0004\000\040\000d\000m\000G\000r\000i\000d\000\137\000s\000t\000a\000g\000\137\000t\000r\000a\000n\000s\000p}{subsection.6.3.4}% 83
\BOOKMARK [3][-]{subsubsection.6.3.4.5}{\376\377\0006\000.\0003\000.\0004\000.\0005\000\040\000d\000m\000G\000r\000i\000d\000\137\000s\000t\000a\000g\000g\000e\000r\000e\000d\000\137\000x}{subsection.6.3.4}% 84
\BOOKMARK [3][-]{subsubsection.6.3.4.6}{\376\377\0006\000.\0003\000.\0004\000.\0006\000\040\000d\000m\000G\000r\000i\000d\000\137\000s\000t\000a\000g\000g\000e\000r\000e\000d\000\137\000y}{subsection.6.3.4}% 85
\BOOKMARK [3][-]{subsubsection.6.3.4.7}{\376\377\0006\000.\0003\000.\0004\000.\0007\000\040\000d\000m\000G\000r\000i\000d\000\137\000s\000t\000a\000g\000g\000e\000r\000e\000d\000\137\000z}{subsection.6.3.4}% 86
\BOOKMARK [3][-]{subsubsection.6.3.4.8}{\376\377\0006\000.\0003\000.\0004\000.\0008\000\040\000M\000a\000g\000n\000i\000t\000u\000d\000e}{subsection.6.3.4}% 87
\BOOKMARK [3][-]{subsubsection.6.3.4.9}{\376\377\0006\000.\0003\000.\0004\000.\0009\000\040\000m\000a\000s\000k\000\137\000U}{subsection.6.3.4}% 88
\BOOKMARK [3][-]{subsubsection.6.3.4.10}{\376\377\0006\000.\0003\000.\0004\000.\0001\0000\000\040\000m\000a\000s\000k\000\137\000V}{subsection.6.3.4}% 89
\BOOKMARK [3][-]{subsubsection.6.3.4.11}{\376\377\0006\000.\0003\000.\0004\000.\0001\0001\000\040\000m\000a\000s\000k\000\137\000W}{subsection.6.3.4}% 90
\BOOKMARK [3][-]{subsubsection.6.3.4.12}{\376\377\0006\000.\0003\000.\0004\000.\0001\0002\000\040\000P}{subsection.6.3.4}% 91
\BOOKMARK [3][-]{subsubsection.6.3.4.13}{\376\377\0006\000.\0003\000.\0004\000.\0001\0003\000\040\000P\000\137\000x}{subsection.6.3.4}% 92
\BOOKMARK [3][-]{subsubsection.6.3.4.14}{\376\377\0006\000.\0003\000.\0004\000.\0001\0004\000\040\000P\000\137\000y}{subsection.6.3.4}% 93
\BOOKMARK [3][-]{subsubsection.6.3.4.15}{\376\377\0006\000.\0003\000.\0004\000.\0001\0005\000\040\000P\000\137\000z}{subsection.6.3.4}% 94
\BOOKMARK [3][-]{subsubsection.6.3.4.16}{\376\377\0006\000.\0003\000.\0004\000.\0001\0006\000\040\000U\000\137\000u\000p}{subsection.6.3.4}% 95
\BOOKMARK [3][-]{subsubsection.6.3.4.17}{\376\377\0006\000.\0003\000.\0004\000.\0001\0007\000\040\000V\000\137\000u\000p}{subsection.6.3.4}% 96
\BOOKMARK [3][-]{subsubsection.6.3.4.18}{\376\377\0006\000.\0003\000.\0004\000.\0001\0008\000\040\000W\000\137\000u\000p}{subsection.6.3.4}% 97
\BOOKMARK [1][-]{section.6.4}{\376\377\0006\000.\0004\000\040\000n\000a\000v\000i\000e\000r\000\137\000s\000t\000o\000k\000e\000s\000\137\000p\000r\000o\000b\000l\000e\000m\000\040\000C\000l\000a\000s\000s\000\040\000R\000e\000f\000e\000r\000e\000n\000c\000e}{chapter.6}% 98
\BOOKMARK [2][-]{subsection.6.4.1}{\376\377\0006\000.\0004\000.\0001\000\040\000D\000e\000t\000a\000i\000l\000e\000d\000\040\000D\000e\000s\000c\000r\000i\000p\000t\000i\000o\000n}{section.6.4}% 99
\BOOKMARK [2][-]{subsection.6.4.2}{\376\377\0006\000.\0004\000.\0002\000\040\000C\000o\000n\000s\000t\000r\000u\000c\000t\000o\000r\000\040\000\046\000\040\000D\000e\000s\000t\000r\000u\000c\000t\000o\000r\000\040\000D\000o\000c\000u\000m\000e\000n\000t\000a\000t\000i\000o\000n}{section.6.4}% 100
\BOOKMARK [3][-]{subsubsection.6.4.2.1}{\376\377\0006\000.\0004\000.\0002\000.\0001\000\040\000n\000a\000v\000i\000e\000r\000\137\000s\000t\000o\000k\000e\000s\000\137\000p\000r\000o\000b\000l\000e\000m\000\050\000\051\000\040\000[\0001\000/\0002\000]}{subsection.6.4.2}% 101
\BOOKMARK [3][-]{subsubsection.6.4.2.2}{\376\377\0006\000.\0004\000.\0002\000.\0002\000\040\000n\000a\000v\000i\000e\000r\000\137\000s\000t\000o\000k\000e\000s\000\137\000p\000r\000o\000b\000l\000e\000m\000\050\000\051\000\040\000[\0002\000/\0002\000]}{subsection.6.4.2}% 102
\BOOKMARK [3][-]{subsubsection.6.4.2.3}{\376\377\0006\000.\0004\000.\0002\000.\0003\000\040\000\040\000n\000a\000v\000i\000e\000r\000\137\000s\000t\000o\000k\000e\000s\000\137\000p\000r\000o\000b\000l\000e\000m\000\050\000\051}{subsection.6.4.2}% 103
\BOOKMARK [2][-]{subsection.6.4.3}{\376\377\0006\000.\0004\000.\0003\000\040\000M\000e\000m\000b\000e\000r\000\040\000F\000u\000n\000c\000t\000i\000o\000n\000\040\000D\000o\000c\000u\000m\000e\000n\000t\000a\000t\000i\000o\000n}{section.6.4}% 104
\BOOKMARK [3][-]{subsubsection.6.4.3.1}{\376\377\0006\000.\0004\000.\0003\000.\0001\000\040\000a\000s\000s\000e\000m\000b\000l\000e\000\137\000m\000a\000g\000n\000i\000t\000u\000d\000e\000\050\000\051}{subsection.6.4.3}% 105
\BOOKMARK [3][-]{subsubsection.6.4.3.2}{\376\377\0006\000.\0004\000.\0003\000.\0002\000\040\000c\000o\000m\000p\000u\000t\000e\000\137\000m\000a\000g\000n\000i\000t\000u\000d\000e\000\050\000\051}{subsection.6.4.3}% 106
\BOOKMARK [3][-]{subsubsection.6.4.3.3}{\376\377\0006\000.\0004\000.\0003\000.\0003\000\040\000e\000x\000o\000d\000u\000s\000\050\000\051}{subsection.6.4.3}% 107
\BOOKMARK [3][-]{subsubsection.6.4.3.4}{\376\377\0006\000.\0004\000.\0003\000.\0004\000\040\000s\000o\000l\000v\000e\000\050\000\051}{subsection.6.4.3}% 108
\BOOKMARK [3][-]{subsubsection.6.4.3.5}{\376\377\0006\000.\0004\000.\0003\000.\0005\000\040\000u\000p\000d\000a\000t\000e\000\137\000v\000e\000l\000o\000c\000i\000t\000y\000\050\000\051}{subsection.6.4.3}% 109
\BOOKMARK [2][-]{subsection.6.4.4}{\376\377\0006\000.\0004\000.\0004\000\040\000M\000e\000m\000b\000e\000r\000\040\000D\000a\000t\000a\000\040\000D\000o\000c\000u\000m\000e\000n\000t\000a\000t\000i\000o\000n}{section.6.4}% 110
\BOOKMARK [3][-]{subsubsection.6.4.4.1}{\376\377\0006\000.\0004\000.\0004\000.\0001\000\040\000d\000m\000G\000r\000i\000d\000\137\000c\000e\000n\000t\000\137\000r\000i\000c\000h}{subsection.6.4.4}% 111
\BOOKMARK [3][-]{subsubsection.6.4.4.2}{\376\377\0006\000.\0004\000.\0004\000.\0002\000\040\000d\000m\000G\000r\000i\000d\000\137\000c\000e\000n\000t\000e\000r\000e\000d}{subsection.6.4.4}% 112
\BOOKMARK [3][-]{subsubsection.6.4.4.3}{\376\377\0006\000.\0004\000.\0004\000.\0003\000\040\000d\000m\000G\000r\000i\000d\000\137\000s\000h\000i\000f\000t\000\137\000t\000r\000a\000n\000s\000p}{subsection.6.4.4}% 113
\BOOKMARK [3][-]{subsubsection.6.4.4.4}{\376\377\0006\000.\0004\000.\0004\000.\0004\000\040\000d\000m\000G\000r\000i\000d\000\137\000s\000t\000a\000g\000\137\000t\000r\000a\000n\000s\000p}{subsection.6.4.4}% 114
\BOOKMARK [3][-]{subsubsection.6.4.4.5}{\376\377\0006\000.\0004\000.\0004\000.\0005\000\040\000d\000m\000G\000r\000i\000d\000\137\000s\000t\000a\000g\000g\000e\000r\000e\000d\000\137\000x}{subsection.6.4.4}% 115
\BOOKMARK [3][-]{subsubsection.6.4.4.6}{\376\377\0006\000.\0004\000.\0004\000.\0006\000\040\000d\000m\000G\000r\000i\000d\000\137\000s\000t\000a\000g\000g\000e\000r\000e\000d\000\137\000y}{subsection.6.4.4}% 116
\BOOKMARK [3][-]{subsubsection.6.4.4.7}{\376\377\0006\000.\0004\000.\0004\000.\0007\000\040\000d\000m\000G\000r\000i\000d\000\137\000s\000t\000a\000g\000g\000e\000r\000e\000d\000\137\000z}{subsection.6.4.4}% 117
\BOOKMARK [3][-]{subsubsection.6.4.4.8}{\376\377\0006\000.\0004\000.\0004\000.\0008\000\040\000M\000a\000g\000n\000i\000t\000u\000d\000e}{subsection.6.4.4}% 118
\BOOKMARK [3][-]{subsubsection.6.4.4.9}{\376\377\0006\000.\0004\000.\0004\000.\0009\000\040\000m\000a\000s\000k\000\137\000U}{subsection.6.4.4}% 119
\BOOKMARK [3][-]{subsubsection.6.4.4.10}{\376\377\0006\000.\0004\000.\0004\000.\0001\0000\000\040\000m\000a\000s\000k\000\137\000V}{subsection.6.4.4}% 120
\BOOKMARK [3][-]{subsubsection.6.4.4.11}{\376\377\0006\000.\0004\000.\0004\000.\0001\0001\000\040\000m\000a\000s\000k\000\137\000W}{subsection.6.4.4}% 121
\BOOKMARK [3][-]{subsubsection.6.4.4.12}{\376\377\0006\000.\0004\000.\0004\000.\0001\0002\000\040\000P}{subsection.6.4.4}% 122
\BOOKMARK [3][-]{subsubsection.6.4.4.13}{\376\377\0006\000.\0004\000.\0004\000.\0001\0003\000\040\000P\000\137\000x}{subsection.6.4.4}% 123
\BOOKMARK [3][-]{subsubsection.6.4.4.14}{\376\377\0006\000.\0004\000.\0004\000.\0001\0004\000\040\000P\000\137\000y}{subsection.6.4.4}% 124
\BOOKMARK [3][-]{subsubsection.6.4.4.15}{\376\377\0006\000.\0004\000.\0004\000.\0001\0005\000\040\000P\000\137\000z}{subsection.6.4.4}% 125
\BOOKMARK [3][-]{subsubsection.6.4.4.16}{\376\377\0006\000.\0004\000.\0004\000.\0001\0006\000\040\000U\000\137\000u\000p}{subsection.6.4.4}% 126
\BOOKMARK [3][-]{subsubsection.6.4.4.17}{\376\377\0006\000.\0004\000.\0004\000.\0001\0007\000\040\000V\000\137\000u\000p}{subsection.6.4.4}% 127
\BOOKMARK [3][-]{subsubsection.6.4.4.18}{\376\377\0006\000.\0004\000.\0004\000.\0001\0008\000\040\000W\000\137\000u\000p}{subsection.6.4.4}% 128
\BOOKMARK [1][-]{section.6.5}{\376\377\0006\000.\0005\000\040\000p\000a\000r\000a\000b\000o\000l\000i\000c\000\137\000p\000r\000o\000b\000l\000e\000m\000\137\000x\000\040\000C\000l\000a\000s\000s\000\040\000R\000e\000f\000e\000r\000e\000n\000c\000e}{chapter.6}% 129
\BOOKMARK [2][-]{subsection.6.5.1}{\376\377\0006\000.\0005\000.\0001\000\040\000D\000e\000t\000a\000i\000l\000e\000d\000\040\000D\000e\000s\000c\000r\000i\000p\000t\000i\000o\000n}{section.6.5}% 130
\BOOKMARK [2][-]{subsection.6.5.2}{\376\377\0006\000.\0005\000.\0002\000\040\000C\000o\000n\000s\000t\000r\000u\000c\000t\000o\000r\000\040\000\046\000\040\000D\000e\000s\000t\000r\000u\000c\000t\000o\000r\000\040\000D\000o\000c\000u\000m\000e\000n\000t\000a\000t\000i\000o\000n}{section.6.5}% 131
\BOOKMARK [3][-]{subsubsection.6.5.2.1}{\376\377\0006\000.\0005\000.\0002\000.\0001\000\040\000p\000a\000r\000a\000b\000o\000l\000i\000c\000\137\000p\000r\000o\000b\000l\000e\000m\000\137\000x\000\050\000\051\000\040\000[\0001\000/\0002\000]}{subsection.6.5.2}% 132
\BOOKMARK [3][-]{subsubsection.6.5.2.2}{\376\377\0006\000.\0005\000.\0002\000.\0002\000\040\000p\000a\000r\000a\000b\000o\000l\000i\000c\000\137\000p\000r\000o\000b\000l\000e\000m\000\137\000x\000\050\000\051\000\040\000[\0002\000/\0002\000]}{subsection.6.5.2}% 133
\BOOKMARK [3][-]{subsubsection.6.5.2.3}{\376\377\0006\000.\0005\000.\0002\000.\0003\000\040\000\040\000p\000a\000r\000a\000b\000o\000l\000i\000c\000\137\000p\000r\000o\000b\000l\000e\000m\000\137\000x\000\050\000\051}{subsection.6.5.2}% 134
\BOOKMARK [2][-]{subsection.6.5.3}{\376\377\0006\000.\0005\000.\0003\000\040\000M\000e\000m\000b\000e\000r\000\040\000F\000u\000n\000c\000t\000i\000o\000n\000\040\000D\000o\000c\000u\000m\000e\000n\000t\000a\000t\000i\000o\000n}{section.6.5}% 135
\BOOKMARK [3][-]{subsubsection.6.5.3.1}{\376\377\0006\000.\0005\000.\0003\000.\0001\000\040\000a\000s\000s\000e\000m\000b\000l\000e\000\137\000l\000h\000s\000\050\000\051}{subsection.6.5.3}% 136
\BOOKMARK [3][-]{subsubsection.6.5.3.2}{\376\377\0006\000.\0005\000.\0003\000.\0002\000\040\000a\000s\000s\000e\000m\000b\000l\000e\000\137\000r\000h\000s\000\050\000\051}{subsection.6.5.3}% 137
\BOOKMARK [3][-]{subsubsection.6.5.3.3}{\376\377\0006\000.\0005\000.\0003\000.\0003\000\040\000e\000x\000o\000d\000u\000s\000\050\000\051}{subsection.6.5.3}% 138
\BOOKMARK [3][-]{subsubsection.6.5.3.4}{\376\377\0006\000.\0005\000.\0003\000.\0004\000\040\000g\000e\000t\000\137\000U\000\050\000\051}{subsection.6.5.3}% 139
\BOOKMARK [3][-]{subsubsection.6.5.3.5}{\376\377\0006\000.\0005\000.\0003\000.\0005\000\040\000s\000e\000t\000\137\000U\000\050\000\051}{subsection.6.5.3}% 140
\BOOKMARK [3][-]{subsubsection.6.5.3.6}{\376\377\0006\000.\0005\000.\0003\000.\0006\000\040\000s\000o\000l\000v\000e\000\050\000\051}{subsection.6.5.3}% 141
\BOOKMARK [3][-]{subsubsection.6.5.3.7}{\376\377\0006\000.\0005\000.\0003\000.\0007\000\040\000s\000o\000l\000v\000e\000\137\000s\000t\000e\000p\000\050\000\051}{subsection.6.5.3}% 142
\BOOKMARK [2][-]{subsection.6.5.4}{\376\377\0006\000.\0005\000.\0004\000\040\000M\000e\000m\000b\000e\000r\000\040\000D\000a\000t\000a\000\040\000D\000o\000c\000u\000m\000e\000n\000t\000a\000t\000i\000o\000n}{section.6.5}% 143
\BOOKMARK [3][-]{subsubsection.6.5.4.1}{\376\377\0006\000.\0005\000.\0004\000.\0001\000\040\000A}{subsection.6.5.4}% 144
\BOOKMARK [3][-]{subsubsection.6.5.4.2}{\376\377\0006\000.\0005\000.\0004\000.\0002\000\040\000d\000m\000G\000r\000i\000d}{subsection.6.5.4}% 145
\BOOKMARK [3][-]{subsubsection.6.5.4.3}{\376\377\0006\000.\0005\000.\0004\000.\0003\000\040\000m\000a\000s\000k\000\137\000U}{subsection.6.5.4}% 146
\BOOKMARK [3][-]{subsubsection.6.5.4.4}{\376\377\0006\000.\0005\000.\0004\000.\0004\000\040\000r\000h\000s}{subsection.6.5.4}% 147
\BOOKMARK [3][-]{subsubsection.6.5.4.5}{\376\377\0006\000.\0005\000.\0004\000.\0005\000\040\000U\000\137\000u\000p}{subsection.6.5.4}% 148
\BOOKMARK [1][-]{section.6.6}{\376\377\0006\000.\0006\000\040\000p\000a\000r\000a\000b\000o\000l\000i\000c\000\137\000p\000r\000o\000b\000l\000e\000m\000\137\000y\000\040\000C\000l\000a\000s\000s\000\040\000R\000e\000f\000e\000r\000e\000n\000c\000e}{chapter.6}% 149
\BOOKMARK [2][-]{subsection.6.6.1}{\376\377\0006\000.\0006\000.\0001\000\040\000D\000e\000t\000a\000i\000l\000e\000d\000\040\000D\000e\000s\000c\000r\000i\000p\000t\000i\000o\000n}{section.6.6}% 150
\BOOKMARK [2][-]{subsection.6.6.2}{\376\377\0006\000.\0006\000.\0002\000\040\000C\000o\000n\000s\000t\000r\000u\000c\000t\000o\000r\000\040\000\046\000\040\000D\000e\000s\000t\000r\000u\000c\000t\000o\000r\000\040\000D\000o\000c\000u\000m\000e\000n\000t\000a\000t\000i\000o\000n}{section.6.6}% 151
\BOOKMARK [3][-]{subsubsection.6.6.2.1}{\376\377\0006\000.\0006\000.\0002\000.\0001\000\040\000p\000a\000r\000a\000b\000o\000l\000i\000c\000\137\000p\000r\000o\000b\000l\000e\000m\000\137\000y\000\050\000\051\000\040\000[\0001\000/\0002\000]}{subsection.6.6.2}% 152
\BOOKMARK [3][-]{subsubsection.6.6.2.2}{\376\377\0006\000.\0006\000.\0002\000.\0002\000\040\000p\000a\000r\000a\000b\000o\000l\000i\000c\000\137\000p\000r\000o\000b\000l\000e\000m\000\137\000y\000\050\000\051\000\040\000[\0002\000/\0002\000]}{subsection.6.6.2}% 153
\BOOKMARK [3][-]{subsubsection.6.6.2.3}{\376\377\0006\000.\0006\000.\0002\000.\0003\000\040\000\040\000p\000a\000r\000a\000b\000o\000l\000i\000c\000\137\000p\000r\000o\000b\000l\000e\000m\000\137\000y\000\050\000\051}{subsection.6.6.2}% 154
\BOOKMARK [2][-]{subsection.6.6.3}{\376\377\0006\000.\0006\000.\0003\000\040\000M\000e\000m\000b\000e\000r\000\040\000F\000u\000n\000c\000t\000i\000o\000n\000\040\000D\000o\000c\000u\000m\000e\000n\000t\000a\000t\000i\000o\000n}{section.6.6}% 155
\BOOKMARK [3][-]{subsubsection.6.6.3.1}{\376\377\0006\000.\0006\000.\0003\000.\0001\000\040\000a\000s\000s\000e\000m\000b\000l\000e\000\137\000l\000h\000s\000\050\000\051}{subsection.6.6.3}% 156
\BOOKMARK [3][-]{subsubsection.6.6.3.2}{\376\377\0006\000.\0006\000.\0003\000.\0002\000\040\000a\000s\000s\000e\000m\000b\000l\000e\000\137\000r\000h\000s\000\050\000\051}{subsection.6.6.3}% 157
\BOOKMARK [3][-]{subsubsection.6.6.3.3}{\376\377\0006\000.\0006\000.\0003\000.\0003\000\040\000e\000x\000o\000d\000u\000s\000\050\000\051}{subsection.6.6.3}% 158
\BOOKMARK [3][-]{subsubsection.6.6.3.4}{\376\377\0006\000.\0006\000.\0003\000.\0004\000\040\000g\000e\000t\000\137\000V\000\050\000\051}{subsection.6.6.3}% 159
\BOOKMARK [3][-]{subsubsection.6.6.3.5}{\376\377\0006\000.\0006\000.\0003\000.\0005\000\040\000s\000e\000t\000\137\000V\000\050\000\051}{subsection.6.6.3}% 160
\BOOKMARK [3][-]{subsubsection.6.6.3.6}{\376\377\0006\000.\0006\000.\0003\000.\0006\000\040\000s\000o\000l\000v\000e\000\050\000\051}{subsection.6.6.3}% 161
\BOOKMARK [3][-]{subsubsection.6.6.3.7}{\376\377\0006\000.\0006\000.\0003\000.\0007\000\040\000s\000o\000l\000v\000e\000\137\000s\000t\000e\000p\000\050\000\051}{subsection.6.6.3}% 162
\BOOKMARK [2][-]{subsection.6.6.4}{\376\377\0006\000.\0006\000.\0004\000\040\000M\000e\000m\000b\000e\000r\000\040\000D\000a\000t\000a\000\040\000D\000o\000c\000u\000m\000e\000n\000t\000a\000t\000i\000o\000n}{section.6.6}% 163
\BOOKMARK [3][-]{subsubsection.6.6.4.1}{\376\377\0006\000.\0006\000.\0004\000.\0001\000\040\000A}{subsection.6.6.4}% 164
\BOOKMARK [3][-]{subsubsection.6.6.4.2}{\376\377\0006\000.\0006\000.\0004\000.\0002\000\040\000d\000m\000G\000r\000i\000d}{subsection.6.6.4}% 165
\BOOKMARK [3][-]{subsubsection.6.6.4.3}{\376\377\0006\000.\0006\000.\0004\000.\0003\000\040\000m\000a\000s\000k\000\137\000V}{subsection.6.6.4}% 166
\BOOKMARK [3][-]{subsubsection.6.6.4.4}{\376\377\0006\000.\0006\000.\0004\000.\0004\000\040\000r\000h\000s}{subsection.6.6.4}% 167
\BOOKMARK [3][-]{subsubsection.6.6.4.5}{\376\377\0006\000.\0006\000.\0004\000.\0005\000\040\000V\000\137\000u\000p}{subsection.6.6.4}% 168
\BOOKMARK [1][-]{section.6.7}{\376\377\0006\000.\0007\000\040\000p\000a\000r\000a\000b\000o\000l\000i\000c\000\137\000p\000r\000o\000b\000l\000e\000m\000\137\000z\000\040\000C\000l\000a\000s\000s\000\040\000R\000e\000f\000e\000r\000e\000n\000c\000e}{chapter.6}% 169
\BOOKMARK [2][-]{subsection.6.7.1}{\376\377\0006\000.\0007\000.\0001\000\040\000D\000e\000t\000a\000i\000l\000e\000d\000\040\000D\000e\000s\000c\000r\000i\000p\000t\000i\000o\000n}{section.6.7}% 170
\BOOKMARK [2][-]{subsection.6.7.2}{\376\377\0006\000.\0007\000.\0002\000\040\000C\000o\000n\000s\000t\000r\000u\000c\000t\000o\000r\000\040\000\046\000\040\000D\000e\000s\000t\000r\000u\000c\000t\000o\000r\000\040\000D\000o\000c\000u\000m\000e\000n\000t\000a\000t\000i\000o\000n}{section.6.7}% 171
\BOOKMARK [3][-]{subsubsection.6.7.2.1}{\376\377\0006\000.\0007\000.\0002\000.\0001\000\040\000p\000a\000r\000a\000b\000o\000l\000i\000c\000\137\000p\000r\000o\000b\000l\000e\000m\000\137\000z\000\050\000\051\000\040\000[\0001\000/\0002\000]}{subsection.6.7.2}% 172
\BOOKMARK [3][-]{subsubsection.6.7.2.2}{\376\377\0006\000.\0007\000.\0002\000.\0002\000\040\000p\000a\000r\000a\000b\000o\000l\000i\000c\000\137\000p\000r\000o\000b\000l\000e\000m\000\137\000z\000\050\000\051\000\040\000[\0002\000/\0002\000]}{subsection.6.7.2}% 173
\BOOKMARK [3][-]{subsubsection.6.7.2.3}{\376\377\0006\000.\0007\000.\0002\000.\0003\000\040\000\040\000p\000a\000r\000a\000b\000o\000l\000i\000c\000\137\000p\000r\000o\000b\000l\000e\000m\000\137\000z\000\050\000\051}{subsection.6.7.2}% 174
\BOOKMARK [2][-]{subsection.6.7.3}{\376\377\0006\000.\0007\000.\0003\000\040\000M\000e\000m\000b\000e\000r\000\040\000F\000u\000n\000c\000t\000i\000o\000n\000\040\000D\000o\000c\000u\000m\000e\000n\000t\000a\000t\000i\000o\000n}{section.6.7}% 175
\BOOKMARK [3][-]{subsubsection.6.7.3.1}{\376\377\0006\000.\0007\000.\0003\000.\0001\000\040\000a\000s\000s\000e\000m\000b\000l\000e\000\137\000l\000h\000s\000\050\000\051}{subsection.6.7.3}% 176
\BOOKMARK [3][-]{subsubsection.6.7.3.2}{\376\377\0006\000.\0007\000.\0003\000.\0002\000\040\000a\000s\000s\000e\000m\000b\000l\000e\000\137\000r\000h\000s\000\050\000\051}{subsection.6.7.3}% 177
\BOOKMARK [3][-]{subsubsection.6.7.3.3}{\376\377\0006\000.\0007\000.\0003\000.\0003\000\040\000e\000x\000o\000d\000u\000s\000\050\000\051}{subsection.6.7.3}% 178
\BOOKMARK [3][-]{subsubsection.6.7.3.4}{\376\377\0006\000.\0007\000.\0003\000.\0004\000\040\000g\000e\000t\000\137\000W\000\050\000\051}{subsection.6.7.3}% 179
\BOOKMARK [3][-]{subsubsection.6.7.3.5}{\376\377\0006\000.\0007\000.\0003\000.\0005\000\040\000s\000e\000t\000\137\000W\000\050\000\051}{subsection.6.7.3}% 180
\BOOKMARK [3][-]{subsubsection.6.7.3.6}{\376\377\0006\000.\0007\000.\0003\000.\0006\000\040\000s\000o\000l\000v\000e\000\050\000\051}{subsection.6.7.3}% 181
\BOOKMARK [3][-]{subsubsection.6.7.3.7}{\376\377\0006\000.\0007\000.\0003\000.\0007\000\040\000s\000o\000l\000v\000e\000\137\000s\000t\000e\000p\000\050\000\051}{subsection.6.7.3}% 182
\BOOKMARK [2][-]{subsection.6.7.4}{\376\377\0006\000.\0007\000.\0004\000\040\000M\000e\000m\000b\000e\000r\000\040\000D\000a\000t\000a\000\040\000D\000o\000c\000u\000m\000e\000n\000t\000a\000t\000i\000o\000n}{section.6.7}% 183
\BOOKMARK [3][-]{subsubsection.6.7.4.1}{\376\377\0006\000.\0007\000.\0004\000.\0001\000\040\000A}{subsection.6.7.4}% 184
\BOOKMARK [3][-]{subsubsection.6.7.4.2}{\376\377\0006\000.\0007\000.\0004\000.\0002\000\040\000d\000m\000G\000r\000i\000d}{subsection.6.7.4}% 185
\BOOKMARK [3][-]{subsubsection.6.7.4.3}{\376\377\0006\000.\0007\000.\0004\000.\0003\000\040\000m\000a\000s\000k\000\137\000W}{subsection.6.7.4}% 186
\BOOKMARK [3][-]{subsubsection.6.7.4.4}{\376\377\0006\000.\0007\000.\0004\000.\0004\000\040\000r\000h\000s}{subsection.6.7.4}% 187
\BOOKMARK [3][-]{subsubsection.6.7.4.5}{\376\377\0006\000.\0007\000.\0004\000.\0005\000\040\000W\000\137\000u\000p}{subsection.6.7.4}% 188
\BOOKMARK [1][-]{section.6.8}{\376\377\0006\000.\0008\000\040\000p\000o\000i\000s\000s\000o\000n\000\137\000p\000r\000o\000b\000l\000e\000m\000\040\000C\000l\000a\000s\000s\000\040\000R\000e\000f\000e\000r\000e\000n\000c\000e}{chapter.6}% 189
\BOOKMARK [2][-]{subsection.6.8.1}{\376\377\0006\000.\0008\000.\0001\000\040\000D\000e\000t\000a\000i\000l\000e\000d\000\040\000D\000e\000s\000c\000r\000i\000p\000t\000i\000o\000n}{section.6.8}% 190
\BOOKMARK [2][-]{subsection.6.8.2}{\376\377\0006\000.\0008\000.\0002\000\040\000C\000o\000n\000s\000t\000r\000u\000c\000t\000o\000r\000\040\000\046\000\040\000D\000e\000s\000t\000r\000u\000c\000t\000o\000r\000\040\000D\000o\000c\000u\000m\000e\000n\000t\000a\000t\000i\000o\000n}{section.6.8}% 191
\BOOKMARK [3][-]{subsubsection.6.8.2.1}{\376\377\0006\000.\0008\000.\0002\000.\0001\000\040\000p\000o\000i\000s\000s\000o\000n\000\137\000p\000r\000o\000b\000l\000e\000m\000\050\000\051\000\040\000[\0001\000/\0002\000]}{subsection.6.8.2}% 192
\BOOKMARK [3][-]{subsubsection.6.8.2.2}{\376\377\0006\000.\0008\000.\0002\000.\0002\000\040\000p\000o\000i\000s\000s\000o\000n\000\137\000p\000r\000o\000b\000l\000e\000m\000\050\000\051\000\040\000[\0002\000/\0002\000]}{subsection.6.8.2}% 193
\BOOKMARK [3][-]{subsubsection.6.8.2.3}{\376\377\0006\000.\0008\000.\0002\000.\0003\000\040\000\040\000p\000o\000i\000s\000s\000o\000n\000\137\000p\000r\000o\000b\000l\000e\000m\000\050\000\051}{subsection.6.8.2}% 194
\BOOKMARK [2][-]{subsection.6.8.3}{\376\377\0006\000.\0008\000.\0003\000\040\000M\000e\000m\000b\000e\000r\000\040\000F\000u\000n\000c\000t\000i\000o\000n\000\040\000D\000o\000c\000u\000m\000e\000n\000t\000a\000t\000i\000o\000n}{section.6.8}% 195
\BOOKMARK [3][-]{subsubsection.6.8.3.1}{\376\377\0006\000.\0008\000.\0003\000.\0001\000\040\000a\000s\000s\000e\000m\000b\000l\000e\000\137\000d\000i\000v\000e\000r\000g\000e\000n\000c\000e\000\050\000\051}{subsection.6.8.3}% 196
\BOOKMARK [3][-]{subsubsection.6.8.3.2}{\376\377\0006\000.\0008\000.\0003\000.\0002\000\040\000a\000s\000s\000e\000m\000b\000l\000e\000\137\000l\000h\000s\000\050\000\051}{subsection.6.8.3}% 197
\BOOKMARK [3][-]{subsubsection.6.8.3.3}{\376\377\0006\000.\0008\000.\0003\000.\0003\000\040\000c\000o\000m\000p\000u\000t\000e\000\137\000d\000i\000v\000e\000r\000g\000e\000n\000c\000e\000\050\000\051}{subsection.6.8.3}% 198
\BOOKMARK [3][-]{subsubsection.6.8.3.4}{\376\377\0006\000.\0008\000.\0003\000.\0004\000\040\000d\000e\000r\000i\000v\000e\000\137\000x\000\137\000P\000\050\000\051}{subsection.6.8.3}% 199
\BOOKMARK [3][-]{subsubsection.6.8.3.5}{\376\377\0006\000.\0008\000.\0003\000.\0005\000\040\000d\000e\000r\000i\000v\000e\000\137\000y\000\137\000P\000\050\000\051}{subsection.6.8.3}% 200
\BOOKMARK [3][-]{subsubsection.6.8.3.6}{\376\377\0006\000.\0008\000.\0003\000.\0006\000\040\000d\000e\000r\000i\000v\000e\000\137\000z\000\137\000P\000\050\000\051}{subsection.6.8.3}% 201
\BOOKMARK [3][-]{subsubsection.6.8.3.7}{\376\377\0006\000.\0008\000.\0003\000.\0007\000\040\000e\000x\000o\000d\000u\000s\000\050\000\051}{subsection.6.8.3}% 202
\BOOKMARK [3][-]{subsubsection.6.8.3.8}{\376\377\0006\000.\0008\000.\0003\000.\0008\000\040\000m\000a\000n\000a\000g\000e\000\137\000p\000r\000e\000s\000s\000u\000r\000e\000\050\000\051}{subsection.6.8.3}% 203
\BOOKMARK [3][-]{subsubsection.6.8.3.9}{\376\377\0006\000.\0008\000.\0003\000.\0009\000\040\000m\000a\000n\000a\000g\000e\000\137\000p\000r\000e\000s\000s\000u\000r\000e\000\137\000x\000\050\000\051}{subsection.6.8.3}% 204
\BOOKMARK [3][-]{subsubsection.6.8.3.10}{\376\377\0006\000.\0008\000.\0003\000.\0001\0000\000\040\000m\000a\000n\000a\000g\000e\000\137\000p\000r\000e\000s\000s\000u\000r\000e\000\137\000y\000\050\000\051}{subsection.6.8.3}% 205
\BOOKMARK [3][-]{subsubsection.6.8.3.11}{\376\377\0006\000.\0008\000.\0003\000.\0001\0001\000\040\000m\000a\000n\000a\000g\000e\000\137\000p\000r\000e\000s\000s\000u\000r\000e\000\137\000z\000\050\000\051}{subsection.6.8.3}% 206
\BOOKMARK [2][-]{subsection.6.8.4}{\376\377\0006\000.\0008\000.\0004\000\040\000M\000e\000m\000b\000e\000r\000\040\000D\000a\000t\000a\000\040\000D\000o\000c\000u\000m\000e\000n\000t\000a\000t\000i\000o\000n}{section.6.8}% 207
\BOOKMARK [3][-]{subsubsection.6.8.4.1}{\376\377\0006\000.\0008\000.\0004\000.\0001\000\040\000A}{subsection.6.8.4}% 208
\BOOKMARK [3][-]{subsubsection.6.8.4.2}{\376\377\0006\000.\0008\000.\0004\000.\0002\000\040\000d\000m\000G\000r\000i\000d\000\137\000c\000e\000n\000t\000\137\000r\000i\000c\000h}{subsection.6.8.4}% 209
\BOOKMARK [3][-]{subsubsection.6.8.4.3}{\376\377\0006\000.\0008\000.\0004\000.\0003\000\040\000d\000m\000G\000r\000i\000d\000\137\000c\000e\000n\000t\000e\000r\000e\000d}{subsection.6.8.4}% 210
\BOOKMARK [3][-]{subsubsection.6.8.4.4}{\376\377\0006\000.\0008\000.\0004\000.\0004\000\040\000d\000m\000G\000r\000i\000d\000\137\000s\000t\000a\000g\000g\000e\000r\000e\000d\000\137\000x}{subsection.6.8.4}% 211
\BOOKMARK [3][-]{subsubsection.6.8.4.5}{\376\377\0006\000.\0008\000.\0004\000.\0005\000\040\000d\000m\000G\000r\000i\000d\000\137\000s\000t\000a\000g\000g\000e\000r\000e\000d\000\137\000y}{subsection.6.8.4}% 212
\BOOKMARK [3][-]{subsubsection.6.8.4.6}{\376\377\0006\000.\0008\000.\0004\000.\0006\000\040\000d\000m\000G\000r\000i\000d\000\137\000s\000t\000a\000g\000g\000e\000r\000e\000d\000\137\000z}{subsection.6.8.4}% 213
\BOOKMARK [3][-]{subsubsection.6.8.4.7}{\376\377\0006\000.\0008\000.\0004\000.\0007\000\040\000P}{subsection.6.8.4}% 214
\BOOKMARK [3][-]{subsubsection.6.8.4.8}{\376\377\0006\000.\0008\000.\0004\000.\0008\000\040\000P\000\137\000x}{subsection.6.8.4}% 215
\BOOKMARK [3][-]{subsubsection.6.8.4.9}{\376\377\0006\000.\0008\000.\0004\000.\0009\000\040\000P\000\137\000y}{subsection.6.8.4}% 216
\BOOKMARK [3][-]{subsubsection.6.8.4.10}{\376\377\0006\000.\0008\000.\0004\000.\0001\0000\000\040\000P\000\137\000z}{subsection.6.8.4}% 217
\BOOKMARK [3][-]{subsubsection.6.8.4.11}{\376\377\0006\000.\0008\000.\0004\000.\0001\0001\000\040\000U\000\137\000u\000p}{subsection.6.8.4}% 218
\BOOKMARK [3][-]{subsubsection.6.8.4.12}{\376\377\0006\000.\0008\000.\0004\000.\0001\0002\000\040\000V\000\137\000u\000p}{subsection.6.8.4}% 219
\BOOKMARK [3][-]{subsubsection.6.8.4.13}{\376\377\0006\000.\0008\000.\0004\000.\0001\0003\000\040\000W\000\137\000u\000p}{subsection.6.8.4}% 220
\BOOKMARK [1][-]{section.6.9}{\376\377\0006\000.\0009\000\040\000s\000t\000o\000k\000e\000s\000\137\000p\000r\000o\000b\000l\000e\000m\000\040\000C\000l\000a\000s\000s\000\040\000R\000e\000f\000e\000r\000e\000n\000c\000e}{chapter.6}% 221
\BOOKMARK [2][-]{subsection.6.9.1}{\376\377\0006\000.\0009\000.\0001\000\040\000D\000e\000t\000a\000i\000l\000e\000d\000\040\000D\000e\000s\000c\000r\000i\000p\000t\000i\000o\000n}{section.6.9}% 222
\BOOKMARK [2][-]{subsection.6.9.2}{\376\377\0006\000.\0009\000.\0002\000\040\000C\000o\000n\000s\000t\000r\000u\000c\000t\000o\000r\000\040\000\046\000\040\000D\000e\000s\000t\000r\000u\000c\000t\000o\000r\000\040\000D\000o\000c\000u\000m\000e\000n\000t\000a\000t\000i\000o\000n}{section.6.9}% 223
\BOOKMARK [3][-]{subsubsection.6.9.2.1}{\376\377\0006\000.\0009\000.\0002\000.\0001\000\040\000s\000t\000o\000k\000e\000s\000\137\000p\000r\000o\000b\000l\000e\000m\000\050\000\051\000\040\000[\0001\000/\0002\000]}{subsection.6.9.2}% 224
\BOOKMARK [3][-]{subsubsection.6.9.2.2}{\376\377\0006\000.\0009\000.\0002\000.\0002\000\040\000s\000t\000o\000k\000e\000s\000\137\000p\000r\000o\000b\000l\000e\000m\000\050\000\051\000\040\000[\0002\000/\0002\000]}{subsection.6.9.2}% 225
\BOOKMARK [3][-]{subsubsection.6.9.2.3}{\376\377\0006\000.\0009\000.\0002\000.\0003\000\040\000\040\000s\000t\000o\000k\000e\000s\000\137\000p\000r\000o\000b\000l\000e\000m\000\050\000\051}{subsection.6.9.2}% 226
\BOOKMARK [2][-]{subsection.6.9.3}{\376\377\0006\000.\0009\000.\0003\000\040\000M\000e\000m\000b\000e\000r\000\040\000F\000u\000n\000c\000t\000i\000o\000n\000\040\000D\000o\000c\000u\000m\000e\000n\000t\000a\000t\000i\000o\000n}{section.6.9}% 227
\BOOKMARK [3][-]{subsubsection.6.9.3.1}{\376\377\0006\000.\0009\000.\0003\000.\0001\000\040\000a\000s\000s\000e\000m\000b\000l\000e\000\137\000m\000a\000g\000n\000i\000t\000u\000d\000e\000\050\000\051}{subsection.6.9.3}% 228
\BOOKMARK [3][-]{subsubsection.6.9.3.2}{\376\377\0006\000.\0009\000.\0003\000.\0002\000\040\000c\000o\000m\000p\000u\000t\000e\000\137\000m\000a\000g\000n\000i\000t\000u\000d\000e\000\050\000\051}{subsection.6.9.3}% 229
\BOOKMARK [3][-]{subsubsection.6.9.3.3}{\376\377\0006\000.\0009\000.\0003\000.\0003\000\040\000e\000x\000o\000d\000u\000s\000\050\000\051}{subsection.6.9.3}% 230
\BOOKMARK [3][-]{subsubsection.6.9.3.4}{\376\377\0006\000.\0009\000.\0003\000.\0004\000\040\000s\000o\000l\000v\000e\000\050\000\051}{subsection.6.9.3}% 231
\BOOKMARK [3][-]{subsubsection.6.9.3.5}{\376\377\0006\000.\0009\000.\0003\000.\0005\000\040\000u\000p\000d\000a\000t\000e\000\137\000v\000e\000l\000o\000c\000i\000t\000y\000\050\000\051}{subsection.6.9.3}% 232
\BOOKMARK [2][-]{subsection.6.9.4}{\376\377\0006\000.\0009\000.\0004\000\040\000M\000e\000m\000b\000e\000r\000\040\000D\000a\000t\000a\000\040\000D\000o\000c\000u\000m\000e\000n\000t\000a\000t\000i\000o\000n}{section.6.9}% 233
\BOOKMARK [3][-]{subsubsection.6.9.4.1}{\376\377\0006\000.\0009\000.\0004\000.\0001\000\040\000d\000m\000G\000r\000i\000d\000\137\000c\000e\000n\000t\000\137\000r\000i\000c\000h}{subsection.6.9.4}% 234
\BOOKMARK [3][-]{subsubsection.6.9.4.2}{\376\377\0006\000.\0009\000.\0004\000.\0002\000\040\000d\000m\000G\000r\000i\000d\000\137\000c\000e\000n\000t\000e\000r\000e\000d}{subsection.6.9.4}% 235
\BOOKMARK [3][-]{subsubsection.6.9.4.3}{\376\377\0006\000.\0009\000.\0004\000.\0003\000\040\000d\000m\000G\000r\000i\000d\000\137\000s\000t\000a\000g\000g\000e\000r\000e\000d\000\137\000x}{subsection.6.9.4}% 236
\BOOKMARK [3][-]{subsubsection.6.9.4.4}{\376\377\0006\000.\0009\000.\0004\000.\0004\000\040\000d\000m\000G\000r\000i\000d\000\137\000s\000t\000a\000g\000g\000e\000r\000e\000d\000\137\000y}{subsection.6.9.4}% 237
\BOOKMARK [3][-]{subsubsection.6.9.4.5}{\376\377\0006\000.\0009\000.\0004\000.\0005\000\040\000d\000m\000G\000r\000i\000d\000\137\000s\000t\000a\000g\000g\000e\000r\000e\000d\000\137\000z}{subsection.6.9.4}% 238
\BOOKMARK [3][-]{subsubsection.6.9.4.6}{\376\377\0006\000.\0009\000.\0004\000.\0006\000\040\000M\000a\000g\000n\000i\000t\000u\000d\000e}{subsection.6.9.4}% 239
\BOOKMARK [3][-]{subsubsection.6.9.4.7}{\376\377\0006\000.\0009\000.\0004\000.\0007\000\040\000m\000a\000s\000k\000\137\000U}{subsection.6.9.4}% 240
\BOOKMARK [3][-]{subsubsection.6.9.4.8}{\376\377\0006\000.\0009\000.\0004\000.\0008\000\040\000m\000a\000s\000k\000\137\000V}{subsection.6.9.4}% 241
\BOOKMARK [3][-]{subsubsection.6.9.4.9}{\376\377\0006\000.\0009\000.\0004\000.\0009\000\040\000m\000a\000s\000k\000\137\000W}{subsection.6.9.4}% 242
\BOOKMARK [3][-]{subsubsection.6.9.4.10}{\376\377\0006\000.\0009\000.\0004\000.\0001\0000\000\040\000P}{subsection.6.9.4}% 243
\BOOKMARK [3][-]{subsubsection.6.9.4.11}{\376\377\0006\000.\0009\000.\0004\000.\0001\0001\000\040\000P\000\137\000x}{subsection.6.9.4}% 244
\BOOKMARK [3][-]{subsubsection.6.9.4.12}{\376\377\0006\000.\0009\000.\0004\000.\0001\0002\000\040\000P\000\137\000y}{subsection.6.9.4}% 245
\BOOKMARK [3][-]{subsubsection.6.9.4.13}{\376\377\0006\000.\0009\000.\0004\000.\0001\0003\000\040\000P\000\137\000z}{subsection.6.9.4}% 246
\BOOKMARK [3][-]{subsubsection.6.9.4.14}{\376\377\0006\000.\0009\000.\0004\000.\0001\0004\000\040\000U\000\137\000u\000p}{subsection.6.9.4}% 247
\BOOKMARK [3][-]{subsubsection.6.9.4.15}{\376\377\0006\000.\0009\000.\0004\000.\0001\0005\000\040\000V\000\137\000u\000p}{subsection.6.9.4}% 248
\BOOKMARK [3][-]{subsubsection.6.9.4.16}{\376\377\0006\000.\0009\000.\0004\000.\0001\0006\000\040\000W\000\137\000u\000p}{subsection.6.9.4}% 249
\BOOKMARK [1][-]{section.6.10}{\376\377\0006\000.\0001\0000\000\040\000t\000r\000a\000n\000s\000p\000o\000r\000t\000\137\000p\000r\000o\000b\000l\000e\000m\000\137\000x\000\040\000C\000l\000a\000s\000s\000\040\000R\000e\000f\000e\000r\000e\000n\000c\000e}{chapter.6}% 250
\BOOKMARK [2][-]{subsection.6.10.1}{\376\377\0006\000.\0001\0000\000.\0001\000\040\000D\000e\000t\000a\000i\000l\000e\000d\000\040\000D\000e\000s\000c\000r\000i\000p\000t\000i\000o\000n}{section.6.10}% 251
\BOOKMARK [2][-]{subsection.6.10.2}{\376\377\0006\000.\0001\0000\000.\0002\000\040\000C\000o\000n\000s\000t\000r\000u\000c\000t\000o\000r\000\040\000\046\000\040\000D\000e\000s\000t\000r\000u\000c\000t\000o\000r\000\040\000D\000o\000c\000u\000m\000e\000n\000t\000a\000t\000i\000o\000n}{section.6.10}% 252
\BOOKMARK [3][-]{subsubsection.6.10.2.1}{\376\377\0006\000.\0001\0000\000.\0002\000.\0001\000\040\000t\000r\000a\000n\000s\000p\000o\000r\000t\000\137\000p\000r\000o\000b\000l\000e\000m\000\137\000x\000\050\000\051\000\040\000[\0001\000/\0002\000]}{subsection.6.10.2}% 253
\BOOKMARK [3][-]{subsubsection.6.10.2.2}{\376\377\0006\000.\0001\0000\000.\0002\000.\0002\000\040\000t\000r\000a\000n\000s\000p\000o\000r\000t\000\137\000p\000r\000o\000b\000l\000e\000m\000\137\000x\000\050\000\051\000\040\000[\0002\000/\0002\000]}{subsection.6.10.2}% 254
\BOOKMARK [3][-]{subsubsection.6.10.2.3}{\376\377\0006\000.\0001\0000\000.\0002\000.\0003\000\040\000\040\000t\000r\000a\000n\000s\000p\000o\000r\000t\000\137\000p\000r\000o\000b\000l\000e\000m\000\137\000x\000\050\000\051}{subsection.6.10.2}% 255
\BOOKMARK [2][-]{subsection.6.10.3}{\376\377\0006\000.\0001\0000\000.\0003\000\040\000M\000e\000m\000b\000e\000r\000\040\000F\000u\000n\000c\000t\000i\000o\000n\000\040\000D\000o\000c\000u\000m\000e\000n\000t\000a\000t\000i\000o\000n}{section.6.10}% 256
\BOOKMARK [3][-]{subsubsection.6.10.3.1}{\376\377\0006\000.\0001\0000\000.\0003\000.\0001\000\040\000C\000e\000n\000t\000e\000r\000U\000\050\000\051}{subsection.6.10.3}% 257
\BOOKMARK [3][-]{subsubsection.6.10.3.2}{\376\377\0006\000.\0001\0000\000.\0003\000.\0002\000\040\000D\000e\000r\000i\000v\000e\000\137\000x\000\050\000\051}{subsection.6.10.3}% 258
\BOOKMARK [3][-]{subsubsection.6.10.3.3}{\376\377\0006\000.\0001\0000\000.\0003\000.\0003\000\040\000F\000i\000r\000s\000t\000D\000e\000r\000i\000v\000e\000\137\000y\000\050\000\051}{subsection.6.10.3}% 259
\BOOKMARK [3][-]{subsubsection.6.10.3.4}{\376\377\0006\000.\0001\0000\000.\0003\000.\0004\000\040\000F\000i\000r\000s\000t\000D\000e\000r\000i\000v\000e\000\137\000z\000\050\000\051}{subsection.6.10.3}% 260
\BOOKMARK [3][-]{subsubsection.6.10.3.5}{\376\377\0006\000.\0001\0000\000.\0003\000.\0005\000\040\000F\000i\000r\000s\000t\000S\000h\000i\000f\000t\000U\000\137\000y\000\050\000\051}{subsection.6.10.3}% 261
\BOOKMARK [3][-]{subsubsection.6.10.3.6}{\376\377\0006\000.\0001\0000\000.\0003\000.\0006\000\040\000F\000i\000r\000s\000t\000S\000h\000i\000f\000t\000U\000\137\000z\000\050\000\051}{subsection.6.10.3}% 262
\BOOKMARK [3][-]{subsubsection.6.10.3.7}{\376\377\0006\000.\0001\0000\000.\0003\000.\0007\000\040\000F\000i\000r\000s\000t\000S\000h\000i\000f\000t\000V\000\137\000y\000\050\000\051}{subsection.6.10.3}% 263
\BOOKMARK [3][-]{subsubsection.6.10.3.8}{\376\377\0006\000.\0001\0000\000.\0003\000.\0008\000\040\000F\000i\000r\000s\000t\000S\000h\000i\000f\000t\000W\000\137\000z\000\050\000\051}{subsection.6.10.3}% 264
\BOOKMARK [3][-]{subsubsection.6.10.3.9}{\376\377\0006\000.\0001\0000\000.\0003\000.\0009\000\040\000s\000o\000l\000v\000e\000\137\000s\000t\000e\000p\000\137\000x\000\050\000\051}{subsection.6.10.3}% 265
\BOOKMARK [2][-]{subsection.6.10.4}{\376\377\0006\000.\0001\0000\000.\0004\000\040\000M\000e\000m\000b\000e\000r\000\040\000D\000a\000t\000a\000\040\000D\000o\000c\000u\000m\000e\000n\000t\000a\000t\000i\000o\000n}{section.6.10}% 266
\BOOKMARK [3][-]{subsubsection.6.10.4.1}{\376\377\0006\000.\0001\0000\000.\0004\000.\0001\000\040\000d\000m\000G\000r\000i\000d\000\137\000C\000e\000n\000t\000e\000r\000e\000d}{subsection.6.10.4}% 267
\BOOKMARK [3][-]{subsubsection.6.10.4.2}{\376\377\0006\000.\0001\0000\000.\0004\000.\0002\000\040\000d\000m\000G\000r\000i\000d\000\137\000S\000h\000i\000f\000t\000e\000d}{subsection.6.10.4}% 268
\BOOKMARK [3][-]{subsubsection.6.10.4.3}{\376\377\0006\000.\0001\0000\000.\0004\000.\0003\000\040\000d\000m\000G\000r\000i\000d\000\137\000S\000t\000a\000g\000g\000e\000r\000e\000d}{subsection.6.10.4}% 269
\BOOKMARK [3][-]{subsubsection.6.10.4.4}{\376\377\0006\000.\0001\0000\000.\0004\000.\0004\000\040\000m\000a\000s\000k\000\137\000U}{subsection.6.10.4}% 270
\BOOKMARK [3][-]{subsubsection.6.10.4.5}{\376\377\0006\000.\0001\0000\000.\0004\000.\0005\000\040\000m\000a\000s\000k\000\137\000V}{subsection.6.10.4}% 271
\BOOKMARK [3][-]{subsubsection.6.10.4.6}{\376\377\0006\000.\0001\0000\000.\0004\000.\0006\000\040\000m\000a\000s\000k\000\137\000W}{subsection.6.10.4}% 272
\BOOKMARK [3][-]{subsubsection.6.10.4.7}{\376\377\0006\000.\0001\0000\000.\0004\000.\0007\000\040\000U\000\137\000n}{subsection.6.10.4}% 273
\BOOKMARK [3][-]{subsubsection.6.10.4.8}{\376\377\0006\000.\0001\0000\000.\0004\000.\0008\000\040\000V\000\137\000n}{subsection.6.10.4}% 274
\BOOKMARK [3][-]{subsubsection.6.10.4.9}{\376\377\0006\000.\0001\0000\000.\0004\000.\0009\000\040\000W\000\137\000n}{subsection.6.10.4}% 275
\BOOKMARK [1][-]{section.6.11}{\376\377\0006\000.\0001\0001\000\040\000t\000r\000a\000n\000s\000p\000o\000r\000t\000\137\000p\000r\000o\000b\000l\000e\000m\000\137\000y\000\040\000C\000l\000a\000s\000s\000\040\000R\000e\000f\000e\000r\000e\000n\000c\000e}{chapter.6}% 276
\BOOKMARK [2][-]{subsection.6.11.1}{\376\377\0006\000.\0001\0001\000.\0001\000\040\000D\000e\000t\000a\000i\000l\000e\000d\000\040\000D\000e\000s\000c\000r\000i\000p\000t\000i\000o\000n}{section.6.11}% 277
\BOOKMARK [2][-]{subsection.6.11.2}{\376\377\0006\000.\0001\0001\000.\0002\000\040\000C\000o\000n\000s\000t\000r\000u\000c\000t\000o\000r\000\040\000\046\000\040\000D\000e\000s\000t\000r\000u\000c\000t\000o\000r\000\040\000D\000o\000c\000u\000m\000e\000n\000t\000a\000t\000i\000o\000n}{section.6.11}% 278
\BOOKMARK [3][-]{subsubsection.6.11.2.1}{\376\377\0006\000.\0001\0001\000.\0002\000.\0001\000\040\000t\000r\000a\000n\000s\000p\000o\000r\000t\000\137\000p\000r\000o\000b\000l\000e\000m\000\137\000y\000\050\000\051\000\040\000[\0001\000/\0002\000]}{subsection.6.11.2}% 279
\BOOKMARK [3][-]{subsubsection.6.11.2.2}{\376\377\0006\000.\0001\0001\000.\0002\000.\0002\000\040\000t\000r\000a\000n\000s\000p\000o\000r\000t\000\137\000p\000r\000o\000b\000l\000e\000m\000\137\000y\000\050\000\051\000\040\000[\0002\000/\0002\000]}{subsection.6.11.2}% 280
\BOOKMARK [3][-]{subsubsection.6.11.2.3}{\376\377\0006\000.\0001\0001\000.\0002\000.\0003\000\040\000\040\000t\000r\000a\000n\000s\000p\000o\000r\000t\000\137\000p\000r\000o\000b\000l\000e\000m\000\137\000y\000\050\000\051}{subsection.6.11.2}% 281
\BOOKMARK [2][-]{subsection.6.11.3}{\376\377\0006\000.\0001\0001\000.\0003\000\040\000M\000e\000m\000b\000e\000r\000\040\000F\000u\000n\000c\000t\000i\000o\000n\000\040\000D\000o\000c\000u\000m\000e\000n\000t\000a\000t\000i\000o\000n}{section.6.11}% 282
\BOOKMARK [3][-]{subsubsection.6.11.3.1}{\376\377\0006\000.\0001\0001\000.\0003\000.\0001\000\040\000C\000e\000n\000t\000e\000r\000V\000\050\000\051}{subsection.6.11.3}% 283
\BOOKMARK [3][-]{subsubsection.6.11.3.2}{\376\377\0006\000.\0001\0001\000.\0003\000.\0002\000\040\000D\000e\000r\000i\000v\000e\000\137\000y\000\050\000\051}{subsection.6.11.3}% 284
\BOOKMARK [3][-]{subsubsection.6.11.3.3}{\376\377\0006\000.\0001\0001\000.\0003\000.\0003\000\040\000F\000i\000r\000s\000t\000S\000h\000i\000f\000t\000U\000\137\000y\000\050\000\051}{subsection.6.11.3}% 285
\BOOKMARK [3][-]{subsubsection.6.11.3.4}{\376\377\0006\000.\0001\0001\000.\0003\000.\0004\000\040\000F\000i\000r\000s\000t\000S\000h\000i\000f\000t\000V\000\137\000y\000\050\000\051}{subsection.6.11.3}% 286
\BOOKMARK [3][-]{subsubsection.6.11.3.5}{\376\377\0006\000.\0001\0001\000.\0003\000.\0005\000\040\000S\000e\000c\000o\000n\000d\000D\000e\000r\000i\000v\000e\000\137\000x\000\050\000\051}{subsection.6.11.3}% 287
\BOOKMARK [3][-]{subsubsection.6.11.3.6}{\376\377\0006\000.\0001\0001\000.\0003\000.\0006\000\040\000S\000e\000c\000o\000n\000d\000D\000e\000r\000i\000v\000e\000\137\000z\000\050\000\051}{subsection.6.11.3}% 288
\BOOKMARK [3][-]{subsubsection.6.11.3.7}{\376\377\0006\000.\0001\0001\000.\0003\000.\0007\000\040\000S\000e\000c\000o\000n\000d\000S\000h\000i\000f\000t\000V\000\137\000z\000\050\000\051}{subsection.6.11.3}% 289
\BOOKMARK [3][-]{subsubsection.6.11.3.8}{\376\377\0006\000.\0001\0001\000.\0003\000.\0008\000\040\000S\000e\000c\000o\000n\000d\000S\000h\000i\000f\000t\000W\000\137\000z\000\050\000\051}{subsection.6.11.3}% 290
\BOOKMARK [3][-]{subsubsection.6.11.3.9}{\376\377\0006\000.\0001\0001\000.\0003\000.\0009\000\040\000s\000o\000l\000v\000e\000\137\000s\000t\000e\000p\000\137\000y\000\050\000\051}{subsection.6.11.3}% 291
\BOOKMARK [2][-]{subsection.6.11.4}{\376\377\0006\000.\0001\0001\000.\0004\000\040\000M\000e\000m\000b\000e\000r\000\040\000D\000a\000t\000a\000\040\000D\000o\000c\000u\000m\000e\000n\000t\000a\000t\000i\000o\000n}{section.6.11}% 292
\BOOKMARK [3][-]{subsubsection.6.11.4.1}{\376\377\0006\000.\0001\0001\000.\0004\000.\0001\000\040\000d\000m\000G\000r\000i\000d\000\137\000C\000e\000n\000t\000e\000r\000e\000d}{subsection.6.11.4}% 293
\BOOKMARK [3][-]{subsubsection.6.11.4.2}{\376\377\0006\000.\0001\0001\000.\0004\000.\0002\000\040\000d\000m\000G\000r\000i\000d\000\137\000S\000h\000i\000f\000t\000e\000d}{subsection.6.11.4}% 294
\BOOKMARK [3][-]{subsubsection.6.11.4.3}{\376\377\0006\000.\0001\0001\000.\0004\000.\0003\000\040\000d\000m\000G\000r\000i\000d\000\137\000S\000t\000a\000g\000g\000e\000r\000e\000d}{subsection.6.11.4}% 295
\BOOKMARK [3][-]{subsubsection.6.11.4.4}{\376\377\0006\000.\0001\0001\000.\0004\000.\0004\000\040\000m\000a\000s\000k\000\137\000U}{subsection.6.11.4}% 296
\BOOKMARK [3][-]{subsubsection.6.11.4.5}{\376\377\0006\000.\0001\0001\000.\0004\000.\0005\000\040\000m\000a\000s\000k\000\137\000V}{subsection.6.11.4}% 297
\BOOKMARK [3][-]{subsubsection.6.11.4.6}{\376\377\0006\000.\0001\0001\000.\0004\000.\0006\000\040\000m\000a\000s\000k\000\137\000W}{subsection.6.11.4}% 298
\BOOKMARK [3][-]{subsubsection.6.11.4.7}{\376\377\0006\000.\0001\0001\000.\0004\000.\0007\000\040\000U\000\137\000n}{subsection.6.11.4}% 299
\BOOKMARK [3][-]{subsubsection.6.11.4.8}{\376\377\0006\000.\0001\0001\000.\0004\000.\0008\000\040\000V\000\137\000n}{subsection.6.11.4}% 300
\BOOKMARK [3][-]{subsubsection.6.11.4.9}{\376\377\0006\000.\0001\0001\000.\0004\000.\0009\000\040\000W\000\137\000n}{subsection.6.11.4}% 301
\BOOKMARK [1][-]{section.6.12}{\376\377\0006\000.\0001\0002\000\040\000t\000r\000a\000n\000s\000p\000o\000r\000t\000\137\000p\000r\000o\000b\000l\000e\000m\000\137\000z\000\040\000C\000l\000a\000s\000s\000\040\000R\000e\000f\000e\000r\000e\000n\000c\000e}{chapter.6}% 302
\BOOKMARK [2][-]{subsection.6.12.1}{\376\377\0006\000.\0001\0002\000.\0001\000\040\000D\000e\000t\000a\000i\000l\000e\000d\000\040\000D\000e\000s\000c\000r\000i\000p\000t\000i\000o\000n}{section.6.12}% 303
\BOOKMARK [2][-]{subsection.6.12.2}{\376\377\0006\000.\0001\0002\000.\0002\000\040\000C\000o\000n\000s\000t\000r\000u\000c\000t\000o\000r\000\040\000\046\000\040\000D\000e\000s\000t\000r\000u\000c\000t\000o\000r\000\040\000D\000o\000c\000u\000m\000e\000n\000t\000a\000t\000i\000o\000n}{section.6.12}% 304
\BOOKMARK [3][-]{subsubsection.6.12.2.1}{\376\377\0006\000.\0001\0002\000.\0002\000.\0001\000\040\000t\000r\000a\000n\000s\000p\000o\000r\000t\000\137\000p\000r\000o\000b\000l\000e\000m\000\137\000z\000\050\000\051\000\040\000[\0001\000/\0002\000]}{subsection.6.12.2}% 305
\BOOKMARK [3][-]{subsubsection.6.12.2.2}{\376\377\0006\000.\0001\0002\000.\0002\000.\0002\000\040\000t\000r\000a\000n\000s\000p\000o\000r\000t\000\137\000p\000r\000o\000b\000l\000e\000m\000\137\000z\000\050\000\051\000\040\000[\0002\000/\0002\000]}{subsection.6.12.2}% 306
\BOOKMARK [3][-]{subsubsection.6.12.2.3}{\376\377\0006\000.\0001\0002\000.\0002\000.\0003\000\040\000\040\000t\000r\000a\000n\000s\000p\000o\000r\000t\000\137\000p\000r\000o\000b\000l\000e\000m\000\137\000z\000\050\000\051}{subsection.6.12.2}% 307
\BOOKMARK [2][-]{subsection.6.12.3}{\376\377\0006\000.\0001\0002\000.\0003\000\040\000M\000e\000m\000b\000e\000r\000\040\000F\000u\000n\000c\000t\000i\000o\000n\000\040\000D\000o\000c\000u\000m\000e\000n\000t\000a\000t\000i\000o\000n}{section.6.12}% 308
\BOOKMARK [3][-]{subsubsection.6.12.3.1}{\376\377\0006\000.\0001\0002\000.\0003\000.\0001\000\040\000C\000e\000n\000t\000e\000r\000W\000\050\000\051}{subsection.6.12.3}% 309
\BOOKMARK [3][-]{subsubsection.6.12.3.2}{\376\377\0006\000.\0001\0002\000.\0003\000.\0002\000\040\000D\000e\000r\000i\000v\000e\000\137\000z\000\050\000\051}{subsection.6.12.3}% 310
\BOOKMARK [3][-]{subsubsection.6.12.3.3}{\376\377\0006\000.\0001\0002\000.\0003\000.\0003\000\040\000F\000i\000r\000s\000t\000S\000h\000i\000f\000t\000U\000\137\000z\000\050\000\051}{subsection.6.12.3}% 311
\BOOKMARK [3][-]{subsubsection.6.12.3.4}{\376\377\0006\000.\0001\0002\000.\0003\000.\0004\000\040\000F\000i\000r\000s\000t\000S\000h\000i\000f\000t\000W\000\137\000z\000\050\000\051}{subsection.6.12.3}% 312
\BOOKMARK [3][-]{subsubsection.6.12.3.5}{\376\377\0006\000.\0001\0002\000.\0003\000.\0005\000\040\000S\000e\000c\000o\000n\000d\000S\000h\000i\000f\000t\000V\000\137\000z\000\050\000\051}{subsection.6.12.3}% 313
\BOOKMARK [3][-]{subsubsection.6.12.3.6}{\376\377\0006\000.\0001\0002\000.\0003\000.\0006\000\040\000S\000e\000c\000o\000n\000d\000S\000h\000i\000f\000t\000W\000\137\000z\000\050\000\051}{subsection.6.12.3}% 314
\BOOKMARK [3][-]{subsubsection.6.12.3.7}{\376\377\0006\000.\0001\0002\000.\0003\000.\0007\000\040\000s\000o\000l\000v\000e\000\137\000s\000t\000e\000p\000\137\000z\000\050\000\051}{subsection.6.12.3}% 315
\BOOKMARK [3][-]{subsubsection.6.12.3.8}{\376\377\0006\000.\0001\0002\000.\0003\000.\0008\000\040\000T\000h\000i\000r\000d\000D\000e\000r\000i\000v\000e\000\137\000x\000\050\000\051}{subsection.6.12.3}% 316
\BOOKMARK [3][-]{subsubsection.6.12.3.9}{\376\377\0006\000.\0001\0002\000.\0003\000.\0009\000\040\000T\000h\000i\000r\000d\000D\000e\000r\000i\000v\000e\000\137\000y\000\050\000\051}{subsection.6.12.3}% 317
\BOOKMARK [2][-]{subsection.6.12.4}{\376\377\0006\000.\0001\0002\000.\0004\000\040\000M\000e\000m\000b\000e\000r\000\040\000D\000a\000t\000a\000\040\000D\000o\000c\000u\000m\000e\000n\000t\000a\000t\000i\000o\000n}{section.6.12}% 318
\BOOKMARK [3][-]{subsubsection.6.12.4.1}{\376\377\0006\000.\0001\0002\000.\0004\000.\0001\000\040\000d\000m\000G\000r\000i\000d\000\137\000C\000e\000n\000t\000e\000r\000e\000d}{subsection.6.12.4}% 319
\BOOKMARK [3][-]{subsubsection.6.12.4.2}{\376\377\0006\000.\0001\0002\000.\0004\000.\0002\000\040\000d\000m\000G\000r\000i\000d\000\137\000S\000h\000i\000f\000t\000e\000d}{subsection.6.12.4}% 320
\BOOKMARK [3][-]{subsubsection.6.12.4.3}{\376\377\0006\000.\0001\0002\000.\0004\000.\0003\000\040\000d\000m\000G\000r\000i\000d\000\137\000S\000t\000a\000g\000g\000e\000r\000e\000d}{subsection.6.12.4}% 321
\BOOKMARK [3][-]{subsubsection.6.12.4.4}{\376\377\0006\000.\0001\0002\000.\0004\000.\0004\000\040\000m\000a\000s\000k\000\137\000U}{subsection.6.12.4}% 322
\BOOKMARK [3][-]{subsubsection.6.12.4.5}{\376\377\0006\000.\0001\0002\000.\0004\000.\0005\000\040\000m\000a\000s\000k\000\137\000V}{subsection.6.12.4}% 323
\BOOKMARK [3][-]{subsubsection.6.12.4.6}{\376\377\0006\000.\0001\0002\000.\0004\000.\0006\000\040\000m\000a\000s\000k\000\137\000W}{subsection.6.12.4}% 324
\BOOKMARK [3][-]{subsubsection.6.12.4.7}{\376\377\0006\000.\0001\0002\000.\0004\000.\0007\000\040\000U\000\137\000n}{subsection.6.12.4}% 325
\BOOKMARK [3][-]{subsubsection.6.12.4.8}{\376\377\0006\000.\0001\0002\000.\0004\000.\0008\000\040\000V\000\137\000n}{subsection.6.12.4}% 326
\BOOKMARK [3][-]{subsubsection.6.12.4.9}{\376\377\0006\000.\0001\0002\000.\0004\000.\0009\000\040\000W\000\137\000n}{subsection.6.12.4}% 327
\BOOKMARK [0][-]{chapter.7}{\376\377\0007\000\040\000F\000i\000l\000e\000\040\000D\000o\000c\000u\000m\000e\000n\000t\000a\000t\000i\000o\000n}{}% 328
\BOOKMARK [1][-]{section.7.1}{\376\377\0007\000.\0001\000\040\000c\000o\000n\000f\000i\000g\000\137\000p\000r\000o\000b\000l\000e\000m\000.\000h\000p\000p\000\040\000F\000i\000l\000e\000\040\000R\000e\000f\000e\000r\000e\000n\000c\000e}{chapter.7}% 329
\BOOKMARK [2][-]{subsection.7.1.1}{\376\377\0007\000.\0001\000.\0001\000\040\000D\000e\000t\000a\000i\000l\000e\000d\000\040\000D\000e\000s\000c\000r\000i\000p\000t\000i\000o\000n}{section.7.1}% 330
\BOOKMARK [1][-]{section.7.2}{\376\377\0007\000.\0002\000\040\000i\000n\000c\000l\000u\000d\000e\000/\000a\000d\000v\000e\000c\000t\000i\000o\000n\000\137\000d\000i\000f\000f\000u\000s\000i\000o\000n\000.\000h\000p\000p\000\040\000F\000i\000l\000e\000\040\000R\000e\000f\000e\000r\000e\000n\000c\000e}{chapter.7}% 331
\BOOKMARK [2][-]{subsection.7.2.1}{\376\377\0007\000.\0002\000.\0001\000\040\000M\000a\000c\000r\000o\000\040\000D\000e\000f\000i\000n\000i\000t\000i\000o\000n\000\040\000D\000o\000c\000u\000m\000e\000n\000t\000a\000t\000i\000o\000n}{section.7.2}% 332
\BOOKMARK [3][-]{subsubsection.7.2.1.1}{\376\377\0007\000.\0002\000.\0001\000.\0001\000\040\000A\000D\000V\000E\000C\000T\000I\000O\000N\000\137\000D\000I\000F\000F\000U\000S\000I\000O\000N\000\137\000P\000R\000O\000B\000L\000E\000M\000\137\000H\000P\000P}{subsection.7.2.1}% 333
\BOOKMARK [1][-]{section.7.3}{\376\377\0007\000.\0003\000\040\000i\000n\000c\000l\000u\000d\000e\000/\000i\000n\000v\000i\000s\000c\000i\000d\000\137\000e\000u\000l\000e\000r\000.\000h\000p\000p\000\040\000F\000i\000l\000e\000\040\000R\000e\000f\000e\000r\000e\000n\000c\000e}{chapter.7}% 334
\BOOKMARK [2][-]{subsection.7.3.1}{\376\377\0007\000.\0003\000.\0001\000\040\000M\000a\000c\000r\000o\000\040\000D\000e\000f\000i\000n\000i\000t\000i\000o\000n\000\040\000D\000o\000c\000u\000m\000e\000n\000t\000a\000t\000i\000o\000n}{section.7.3}% 335
\BOOKMARK [3][-]{subsubsection.7.3.1.1}{\376\377\0007\000.\0003\000.\0001\000.\0001\000\040\000E\000U\000L\000E\000R\000\137\000P\000R\000O\000B\000L\000E\000M\000\137\000H\000P\000P}{subsection.7.3.1}% 336
\BOOKMARK [1][-]{section.7.4}{\376\377\0007\000.\0004\000\040\000i\000n\000c\000l\000u\000d\000e\000/\000m\000a\000c\000r\000o\000s\000.\000h\000p\000p\000\040\000F\000i\000l\000e\000\040\000R\000e\000f\000e\000r\000e\000n\000c\000e}{chapter.7}% 337
\BOOKMARK [2][-]{subsection.7.4.1}{\376\377\0007\000.\0004\000.\0001\000\040\000M\000a\000c\000r\000o\000\040\000D\000e\000f\000i\000n\000i\000t\000i\000o\000n\000\040\000D\000o\000c\000u\000m\000e\000n\000t\000a\000t\000i\000o\000n}{section.7.4}% 338
\BOOKMARK [3][-]{subsubsection.7.4.1.1}{\376\377\0007\000.\0004\000.\0001\000.\0001\000\040\000B\000A\000C\000K}{subsection.7.4.1}% 339
\BOOKMARK [3][-]{subsubsection.7.4.1.2}{\376\377\0007\000.\0004\000.\0001\000.\0002\000\040\000B\000A\000C\000K\000\137\000D\000O\000W\000N}{subsection.7.4.1}% 340
\BOOKMARK [3][-]{subsubsection.7.4.1.3}{\376\377\0007\000.\0004\000.\0001\000.\0003\000\040\000B\000A\000C\000K\000\137\000L\000E\000F\000T}{subsection.7.4.1}% 341
\BOOKMARK [3][-]{subsubsection.7.4.1.4}{\376\377\0007\000.\0004\000.\0001\000.\0004\000\040\000B\000A\000C\000K\000\137\000R\000I\000G\000H\000T}{subsection.7.4.1}% 342
\BOOKMARK [3][-]{subsubsection.7.4.1.5}{\376\377\0007\000.\0004\000.\0001\000.\0005\000\040\000B\000A\000C\000K\000\137\000U\000P}{subsection.7.4.1}% 343
\BOOKMARK [3][-]{subsubsection.7.4.1.6}{\376\377\0007\000.\0004\000.\0001\000.\0006\000\040\000D\000O\000W\000N}{subsection.7.4.1}% 344
\BOOKMARK [3][-]{subsubsection.7.4.1.7}{\376\377\0007\000.\0004\000.\0001\000.\0007\000\040\000D\000O\000W\000N\000\137\000L\000E\000F\000T}{subsection.7.4.1}% 345
\BOOKMARK [3][-]{subsubsection.7.4.1.8}{\376\377\0007\000.\0004\000.\0001\000.\0008\000\040\000D\000O\000W\000N\000\137\000R\000I\000G\000H\000T}{subsection.7.4.1}% 346
\BOOKMARK [3][-]{subsubsection.7.4.1.9}{\376\377\0007\000.\0004\000.\0001\000.\0009\000\040\000E\000L\000E\000M\000E\000N\000T}{subsection.7.4.1}% 347
\BOOKMARK [3][-]{subsubsection.7.4.1.10}{\376\377\0007\000.\0004\000.\0001\000.\0001\0000\000\040\000F\000R\000O\000N\000T}{subsection.7.4.1}% 348
\BOOKMARK [3][-]{subsubsection.7.4.1.11}{\376\377\0007\000.\0004\000.\0001\000.\0001\0001\000\040\000F\000R\000O\000N\000T\000\137\000D\000O\000W\000N}{subsection.7.4.1}% 349
\BOOKMARK [3][-]{subsubsection.7.4.1.12}{\376\377\0007\000.\0004\000.\0001\000.\0001\0002\000\040\000F\000R\000O\000N\000T\000\137\000L\000E\000F\000T}{subsection.7.4.1}% 350
\BOOKMARK [3][-]{subsubsection.7.4.1.13}{\376\377\0007\000.\0004\000.\0001\000.\0001\0003\000\040\000F\000R\000O\000N\000T\000\137\000R\000I\000G\000H\000T}{subsection.7.4.1}% 351
\BOOKMARK [3][-]{subsubsection.7.4.1.14}{\376\377\0007\000.\0004\000.\0001\000.\0001\0004\000\040\000F\000R\000O\000N\000T\000\137\000U\000P}{subsection.7.4.1}% 352
\BOOKMARK [3][-]{subsubsection.7.4.1.15}{\376\377\0007\000.\0004\000.\0001\000.\0001\0005\000\040\000L\000E\000F\000T}{subsection.7.4.1}% 353
\BOOKMARK [3][-]{subsubsection.7.4.1.16}{\376\377\0007\000.\0004\000.\0001\000.\0001\0006\000\040\000R\000I\000G\000H\000T}{subsection.7.4.1}% 354
\BOOKMARK [3][-]{subsubsection.7.4.1.17}{\376\377\0007\000.\0004\000.\0001\000.\0001\0007\000\040\000U\000P}{subsection.7.4.1}% 355
\BOOKMARK [3][-]{subsubsection.7.4.1.18}{\376\377\0007\000.\0004\000.\0001\000.\0001\0008\000\040\000U\000P\000\137\000L\000E\000F\000T}{subsection.7.4.1}% 356
\BOOKMARK [3][-]{subsubsection.7.4.1.19}{\376\377\0007\000.\0004\000.\0001\000.\0001\0009\000\040\000U\000P\000\137\000R\000I\000G\000H\000T}{subsection.7.4.1}% 357
\BOOKMARK [2][-]{subsection.7.4.2}{\376\377\0007\000.\0004\000.\0002\000\040\000V\000a\000r\000i\000a\000b\000l\000e\000\040\000D\000o\000c\000u\000m\000e\000n\000t\000a\000t\000i\000o\000n}{section.7.4}% 358
\BOOKMARK [3][-]{subsubsection.7.4.2.1}{\376\377\0007\000.\0004\000.\0002\000.\0001\000\040\000e\000p\000s}{subsection.7.4.2}% 359
\BOOKMARK [3][-]{subsubsection.7.4.2.2}{\376\377\0007\000.\0004\000.\0002\000.\0002\000\040\000p\000i}{subsection.7.4.2}% 360
\BOOKMARK [1][-]{section.7.5}{\376\377\0007\000.\0005\000\040\000i\000n\000c\000l\000u\000d\000e\000/\000n\000a\000v\000i\000e\000r\000\137\000s\000t\000o\000k\000e\000s\000.\000h\000p\000p\000\040\000F\000i\000l\000e\000\040\000R\000e\000f\000e\000r\000e\000n\000c\000e}{chapter.7}% 361
\BOOKMARK [1][-]{section.7.6}{\376\377\0007\000.\0006\000\040\000i\000n\000c\000l\000u\000d\000e\000/\000p\000a\000r\000a\000b\000o\000l\000i\000c\000.\000h\000p\000p\000\040\000F\000i\000l\000e\000\040\000R\000e\000f\000e\000r\000e\000n\000c\000e}{chapter.7}% 362
\BOOKMARK [2][-]{subsection.7.6.1}{\376\377\0007\000.\0006\000.\0001\000\040\000M\000a\000c\000r\000o\000\040\000D\000e\000f\000i\000n\000i\000t\000i\000o\000n\000\040\000D\000o\000c\000u\000m\000e\000n\000t\000a\000t\000i\000o\000n}{section.7.6}% 363
\BOOKMARK [3][-]{subsubsection.7.6.1.1}{\376\377\0007\000.\0006\000.\0001\000.\0001\000\040\000P\000A\000R\000A\000B\000O\000L\000I\000C\000\137\000P\000R\000O\000B\000L\000E\000M\000\137\000Y\000\137\000H\000P\000P}{subsection.7.6.1}% 364
\BOOKMARK [3][-]{subsubsection.7.6.1.2}{\376\377\0007\000.\0006\000.\0001\000.\0002\000\040\000P\000A\000R\000A\000B\000O\000L\000I\000C\000\137\000P\000R\000O\000B\000L\000E\000M\000\137\000Z\000\137\000H\000P\000P}{subsection.7.6.1}% 365
\BOOKMARK [1][-]{section.7.7}{\376\377\0007\000.\0007\000\040\000i\000n\000c\000l\000u\000d\000e\000/\000p\000o\000i\000s\000s\000o\000n\000.\000h\000p\000p\000\040\000F\000i\000l\000e\000\040\000R\000e\000f\000e\000r\000e\000n\000c\000e}{chapter.7}% 366
\BOOKMARK [1][-]{section.7.8}{\376\377\0007\000.\0008\000\040\000i\000n\000c\000l\000u\000d\000e\000/\000s\000t\000o\000k\000e\000s\000.\000h\000p\000p\000\040\000F\000i\000l\000e\000\040\000R\000e\000f\000e\000r\000e\000n\000c\000e}{chapter.7}% 367
\BOOKMARK [1][-]{section.7.9}{\376\377\0007\000.\0009\000\040\000i\000n\000c\000l\000u\000d\000e\000/\000t\000r\000a\000n\000s\000p\000o\000r\000t\000.\000h\000p\000p\000\040\000F\000i\000l\000e\000\040\000R\000e\000f\000e\000r\000e\000n\000c\000e}{chapter.7}% 368
\BOOKMARK [2][-]{subsection.7.9.1}{\376\377\0007\000.\0009\000.\0001\000\040\000M\000a\000c\000r\000o\000\040\000D\000e\000f\000i\000n\000i\000t\000i\000o\000n\000\040\000D\000o\000c\000u\000m\000e\000n\000t\000a\000t\000i\000o\000n}{section.7.9}% 369
\BOOKMARK [3][-]{subsubsection.7.9.1.1}{\376\377\0007\000.\0009\000.\0001\000.\0001\000\040\000T\000R\000A\000N\000S\000P\000O\000R\000T\000\137\000P\000R\000O\000B\000L\000E\000M\000\137\000Y\000\137\000H\000P\000P}{subsection.7.9.1}% 370
\BOOKMARK [3][-]{subsubsection.7.9.1.2}{\376\377\0007\000.\0009\000.\0001\000.\0002\000\040\000T\000R\000A\000N\000S\000P\000O\000R\000T\000\137\000P\000R\000O\000B\000L\000E\000M\000\137\000Z\000\137\000H\000P\000P}{subsection.7.9.1}% 371
\BOOKMARK [1][-]{section.7.10}{\376\377\0007\000.\0001\0000\000\040\000i\000n\000c\000l\000u\000d\000e\000/\000u\000t\000i\000l\000s\000.\000h\000p\000p\000\040\000F\000i\000l\000e\000\040\000R\000e\000f\000e\000r\000e\000n\000c\000e}{chapter.7}% 372
\BOOKMARK [2][-]{subsection.7.10.1}{\376\377\0007\000.\0001\0000\000.\0001\000\040\000D\000e\000t\000a\000i\000l\000e\000d\000\040\000D\000e\000s\000c\000r\000i\000p\000t\000i\000o\000n}{section.7.10}% 373
\BOOKMARK [2][-]{subsection.7.10.2}{\376\377\0007\000.\0001\0000\000.\0002\000\040\000F\000u\000n\000c\000t\000i\000o\000n\000\040\000D\000o\000c\000u\000m\000e\000n\000t\000a\000t\000i\000o\000n}{section.7.10}% 374
\BOOKMARK [3][-]{subsubsection.7.10.2.1}{\376\377\0007\000.\0001\0000\000.\0002\000.\0001\000\040\000C\000h\000e\000c\000k\000S\000o\000l\000u\000t\000i\000o\000n\000\050\000\051}{subsection.7.10.2}% 375
\BOOKMARK [3][-]{subsubsection.7.10.2.2}{\376\377\0007\000.\0001\0000\000.\0002\000.\0002\000\040\000C\000r\000e\000a\000t\000e\000A\000n\000a\000l\000y\000t\000i\000c\000a\000l\000P\000\050\000\051}{subsection.7.10.2}% 376
\BOOKMARK [3][-]{subsubsection.7.10.2.3}{\376\377\0007\000.\0001\0000\000.\0002\000.\0003\000\040\000C\000r\000e\000a\000t\000e\000A\000n\000a\000l\000y\000t\000i\000c\000a\000l\000U\000\050\000\051}{subsection.7.10.2}% 377
\BOOKMARK [3][-]{subsubsection.7.10.2.4}{\376\377\0007\000.\0001\0000\000.\0002\000.\0004\000\040\000C\000r\000e\000a\000t\000e\000A\000n\000a\000l\000y\000t\000i\000c\000a\000l\000V\000\050\000\051}{subsection.7.10.2}% 378
\BOOKMARK [3][-]{subsubsection.7.10.2.5}{\376\377\0007\000.\0001\0000\000.\0002\000.\0005\000\040\000C\000r\000e\000a\000t\000e\000A\000n\000a\000l\000y\000t\000i\000c\000a\000l\000W\000\050\000\051}{subsection.7.10.2}% 379
\BOOKMARK [3][-]{subsubsection.7.10.2.6}{\376\377\0007\000.\0001\0000\000.\0002\000.\0006\000\040\000C\000r\000e\000a\000t\000e\000G\000r\000i\000d\000\050\000\051}{subsection.7.10.2}% 380
\BOOKMARK [3][-]{subsubsection.7.10.2.7}{\376\377\0007\000.\0001\0000\000.\0002\000.\0007\000\040\000c\000r\000e\000a\000t\000e\000M\000a\000s\000k\000U\000\050\000\051}{subsection.7.10.2}% 381
\BOOKMARK [3][-]{subsubsection.7.10.2.8}{\376\377\0007\000.\0001\0000\000.\0002\000.\0008\000\040\000c\000r\000e\000a\000t\000e\000M\000a\000s\000k\000V\000\050\000\051}{subsection.7.10.2}% 382
\BOOKMARK [3][-]{subsubsection.7.10.2.9}{\376\377\0007\000.\0001\0000\000.\0002\000.\0009\000\040\000c\000r\000e\000a\000t\000e\000M\000a\000s\000k\000W\000\050\000\051}{subsection.7.10.2}% 383
\BOOKMARK [3][-]{subsubsection.7.10.2.10}{\376\377\0007\000.\0001\0000\000.\0002\000.\0001\0000\000\040\000i\000s\000P\000o\000i\000n\000t\000I\000n\000s\000i\000d\000e\000M\000e\000s\000h\000\050\000\051}{subsection.7.10.2}% 384
\BOOKMARK [3][-]{subsubsection.7.10.2.11}{\376\377\0007\000.\0001\0000\000.\0002\000.\0001\0001\000\040\000P\000r\000i\000n\000t\000S\000i\000m\000u\000l\000a\000t\000i\000o\000n\000P\000a\000r\000a\000m\000e\000t\000e\000r\000s\000\050\000\051}{subsection.7.10.2}% 385
\BOOKMARK [3][-]{subsubsection.7.10.2.12}{\376\377\0007\000.\0001\0000\000.\0002\000.\0001\0002\000\040\000r\000a\000y\000I\000n\000t\000e\000r\000s\000e\000c\000t\000s\000T\000r\000i\000a\000n\000g\000l\000e\000\050\000\051}{subsection.7.10.2}% 386
\BOOKMARK [3][-]{subsubsection.7.10.2.13}{\376\377\0007\000.\0001\0000\000.\0002\000.\0001\0003\000\040\000r\000e\000a\000d\000e\000r\000\050\000\051}{subsection.7.10.2}% 387
\BOOKMARK [2][-]{subsection.7.10.3}{\376\377\0007\000.\0001\0000\000.\0003\000\040\000V\000a\000r\000i\000a\000b\000l\000e\000\040\000D\000o\000c\000u\000m\000e\000n\000t\000a\000t\000i\000o\000n}{section.7.10}% 388
\BOOKMARK [3][-]{subsubsection.7.10.3.1}{\376\377\0007\000.\0001\0000\000.\0003\000.\0001\000\040\000D\000\137\000x}{subsection.7.10.3}% 389
\BOOKMARK [3][-]{subsubsection.7.10.3.2}{\376\377\0007\000.\0001\0000\000.\0003\000.\0002\000\040\000D\000\137\000y}{subsection.7.10.3}% 390
\BOOKMARK [3][-]{subsubsection.7.10.3.3}{\376\377\0007\000.\0001\0000\000.\0003\000.\0003\000\040\000D\000\137\000z}{subsection.7.10.3}% 391
\BOOKMARK [3][-]{subsubsection.7.10.3.4}{\376\377\0007\000.\0001\0000\000.\0003\000.\0004\000\040\000f\000a\000c\000e\000s}{subsection.7.10.3}% 392
\BOOKMARK [3][-]{subsubsection.7.10.3.5}{\376\377\0007\000.\0001\0000\000.\0003\000.\0005\000\040\000f\000i\000l\000e\000n\000a\000m\000e}{subsection.7.10.3}% 393
\BOOKMARK [3][-]{subsubsection.7.10.3.6}{\376\377\0007\000.\0001\0000\000.\0003\000.\0006\000\040\000v\000e\000r\000t\000i\000c\000e\000s}{subsection.7.10.3}% 394
\BOOKMARK [1][-]{section.7.11}{\376\377\0007\000.\0001\0001\000\040\000R\000E\000A\000D\000M\000E\000.\000m\000d\000\040\000F\000i\000l\000e\000\040\000R\000e\000f\000e\000r\000e\000n\000c\000e}{chapter.7}% 395
\BOOKMARK [1][-]{section.7.12}{\376\377\0007\000.\0001\0002\000\040\000s\000r\000c\000/\000a\000d\000v\000e\000c\000t\000i\000o\000n\000\137\000d\000i\000f\000f\000u\000s\000i\000o\000n\000.\000c\000p\000p\000\040\000F\000i\000l\000e\000\040\000R\000e\000f\000e\000r\000e\000n\000c\000e}{chapter.7}% 396
\BOOKMARK [1][-]{section.7.13}{\376\377\0007\000.\0001\0003\000\040\000s\000r\000c\000/\000i\000n\000v\000i\000s\000c\000i\000d\000\137\000e\000u\000l\000e\000r\000.\000c\000p\000p\000\040\000F\000i\000l\000e\000\040\000R\000e\000f\000e\000r\000e\000n\000c\000e}{chapter.7}% 397
\BOOKMARK [1][-]{section.7.14}{\376\377\0007\000.\0001\0004\000\040\000s\000r\000c\000/\000m\000a\000i\000n\000.\000c\000p\000p\000\040\000F\000i\000l\000e\000\040\000R\000e\000f\000e\000r\000e\000n\000c\000e}{chapter.7}% 398
\BOOKMARK [2][-]{subsection.7.14.1}{\376\377\0007\000.\0001\0004\000.\0001\000\040\000F\000u\000n\000c\000t\000i\000o\000n\000\040\000D\000o\000c\000u\000m\000e\000n\000t\000a\000t\000i\000o\000n}{section.7.14}% 399
\BOOKMARK [3][-]{subsubsection.7.14.1.1}{\376\377\0007\000.\0001\0004\000.\0001\000.\0001\000\040\000m\000a\000i\000n\000\050\000\051}{subsection.7.14.1}% 400
\BOOKMARK [1][-]{section.7.15}{\376\377\0007\000.\0001\0005\000\040\000s\000r\000c\000/\000n\000a\000v\000i\000e\000r\000\137\000s\000t\000o\000k\000e\000s\000.\000c\000p\000p\000\040\000F\000i\000l\000e\000\040\000R\000e\000f\000e\000r\000e\000n\000c\000e}{chapter.7}% 401
\BOOKMARK [1][-]{section.7.16}{\376\377\0007\000.\0001\0006\000\040\000s\000r\000c\000/\000p\000a\000r\000a\000b\000o\000l\000i\000c\000.\000c\000p\000p\000\040\000F\000i\000l\000e\000\040\000R\000e\000f\000e\000r\000e\000n\000c\000e}{chapter.7}% 402
\BOOKMARK [1][-]{section.7.17}{\376\377\0007\000.\0001\0007\000\040\000s\000r\000c\000/\000p\000o\000i\000s\000s\000o\000n\000.\000c\000p\000p\000\040\000F\000i\000l\000e\000\040\000R\000e\000f\000e\000r\000e\000n\000c\000e}{chapter.7}% 403
\BOOKMARK [1][-]{section.7.18}{\376\377\0007\000.\0001\0008\000\040\000s\000r\000c\000/\000s\000t\000o\000k\000e\000s\000.\000c\000p\000p\000\040\000F\000i\000l\000e\000\040\000R\000e\000f\000e\000r\000e\000n\000c\000e}{chapter.7}% 404
\BOOKMARK [1][-]{section.7.19}{\376\377\0007\000.\0001\0009\000\040\000s\000r\000c\000/\000t\000r\000a\000n\000s\000p\000o\000r\000t\000.\000c\000p\000p\000\040\000F\000i\000l\000e\000\040\000R\000e\000f\000e\000r\000e\000n\000c\000e}{chapter.7}% 405
\BOOKMARK [1][-]{section.7.20}{\376\377\0007\000.\0002\0000\000\040\000s\000r\000c\000/\000u\000t\000i\000l\000s\000.\000c\000p\000p\000\040\000F\000i\000l\000e\000\040\000R\000e\000f\000e\000r\000e\000n\000c\000e}{chapter.7}% 406
\BOOKMARK [2][-]{subsection.7.20.1}{\376\377\0007\000.\0002\0000\000.\0001\000\040\000F\000u\000n\000c\000t\000i\000o\000n\000\040\000D\000o\000c\000u\000m\000e\000n\000t\000a\000t\000i\000o\000n}{section.7.20}% 407
\BOOKMARK [3][-]{subsubsection.7.20.1.1}{\376\377\0007\000.\0002\0000\000.\0001\000.\0001\000\040\000C\000h\000e\000c\000k\000S\000o\000l\000u\000t\000i\000o\000n\000\050\000\051}{subsection.7.20.1}% 408
\BOOKMARK [3][-]{subsubsection.7.20.1.2}{\376\377\0007\000.\0002\0000\000.\0001\000.\0002\000\040\000C\000r\000e\000a\000t\000e\000A\000n\000a\000l\000y\000t\000i\000c\000a\000l\000P\000\050\000\051}{subsection.7.20.1}% 409
\BOOKMARK [3][-]{subsubsection.7.20.1.3}{\376\377\0007\000.\0002\0000\000.\0001\000.\0003\000\040\000C\000r\000e\000a\000t\000e\000A\000n\000a\000l\000y\000t\000i\000c\000a\000l\000U\000\050\000\051}{subsection.7.20.1}% 410
\BOOKMARK [3][-]{subsubsection.7.20.1.4}{\376\377\0007\000.\0002\0000\000.\0001\000.\0004\000\040\000C\000r\000e\000a\000t\000e\000A\000n\000a\000l\000y\000t\000i\000c\000a\000l\000V\000\050\000\051}{subsection.7.20.1}% 411
\BOOKMARK [3][-]{subsubsection.7.20.1.5}{\376\377\0007\000.\0002\0000\000.\0001\000.\0005\000\040\000C\000r\000e\000a\000t\000e\000A\000n\000a\000l\000y\000t\000i\000c\000a\000l\000W\000\050\000\051}{subsection.7.20.1}% 412
\BOOKMARK [3][-]{subsubsection.7.20.1.6}{\376\377\0007\000.\0002\0000\000.\0001\000.\0006\000\040\000C\000r\000e\000a\000t\000e\000G\000r\000i\000d\000\050\000\051}{subsection.7.20.1}% 413
\BOOKMARK [3][-]{subsubsection.7.20.1.7}{\376\377\0007\000.\0002\0000\000.\0001\000.\0007\000\040\000c\000r\000e\000a\000t\000e\000M\000a\000s\000k\000U\000\050\000\051}{subsection.7.20.1}% 414
\BOOKMARK [3][-]{subsubsection.7.20.1.8}{\376\377\0007\000.\0002\0000\000.\0001\000.\0008\000\040\000c\000r\000e\000a\000t\000e\000M\000a\000s\000k\000V\000\050\000\051}{subsection.7.20.1}% 415
\BOOKMARK [3][-]{subsubsection.7.20.1.9}{\376\377\0007\000.\0002\0000\000.\0001\000.\0009\000\040\000c\000r\000e\000a\000t\000e\000M\000a\000s\000k\000W\000\050\000\051}{subsection.7.20.1}% 416
\BOOKMARK [3][-]{subsubsection.7.20.1.10}{\376\377\0007\000.\0002\0000\000.\0001\000.\0001\0000\000\040\000i\000s\000P\000o\000i\000n\000t\000I\000n\000s\000i\000d\000e\000M\000e\000s\000h\000\050\000\051}{subsection.7.20.1}% 417
\BOOKMARK [3][-]{subsubsection.7.20.1.11}{\376\377\0007\000.\0002\0000\000.\0001\000.\0001\0001\000\040\000P\000r\000i\000n\000t\000S\000i\000m\000u\000l\000a\000t\000i\000o\000n\000P\000a\000r\000a\000m\000e\000t\000e\000r\000s\000\050\000\051}{subsection.7.20.1}% 418
\BOOKMARK [3][-]{subsubsection.7.20.1.12}{\376\377\0007\000.\0002\0000\000.\0001\000.\0001\0002\000\040\000r\000a\000y\000I\000n\000t\000e\000r\000s\000e\000c\000t\000s\000T\000r\000i\000a\000n\000g\000l\000e\000\050\000\051}{subsection.7.20.1}% 419
\BOOKMARK [3][-]{subsubsection.7.20.1.13}{\376\377\0007\000.\0002\0000\000.\0001\000.\0001\0003\000\040\000r\000e\000a\000d\000e\000r\000\050\000\051}{subsection.7.20.1}% 420
\BOOKMARK [0][-]{section*.97}{\376\377\000I\000n\000d\000e\000x}{}% 421
